0 6378000 11065.7122803808
86.4 7334077.5410249 10219.1689466267
172.8 8217013.73801345 9578.95264347186
259.2 9044635.24640942 9068.93033781975
345.6 9828190.82759704 8647.97644579237
432 10575375.9925135 8291.468751511
518.4 11291758.8926441 7983.55872102845
604.8 11981538.3661409 7713.47919613591
691.2 12647982.9686871 7473.60195134307
777.6 13293702.1772831 7258.33814307019
864 13920822.5928444 7063.47890384254
950.4 14531107.1701364 6885.78095792401
1036.8 15126038.644901 6722.69593043803
1123.2 15706879.5732908 6572.18765688445
1209.6 16274716.5868457 6432.60539690482
1296 16830493.6931382 6302.59369618019
1382.4 17375037.7884882 6181.02693713189
1468.8 17909078.5158564 6066.96092396522
1555.2 18433263.939687 5959.59647164362
1641.6 18948173.074837 5858.25161453569
1728 19454326.0143329 5762.34010986181
1814.4 19952192.1998249 5671.3546085692
1900.8 20442197.2380053 5584.85333502596
1987.2 20924728.5661516 5502.44943786426
2073.6 21400140.197583 5423.80239777678
2160 21868756.7247509 5348.61103609711
2246.4 22330876.7182697 5276.60778133138
2332.8 22786775.6305768 5207.55393316039
2419.2 23236708.2904018 5141.23572399152
2505.6 23680911.0569547 5077.461023175
2592 24119603.689357 5016.05656283724
2678.4 24552990.9763861 4956.86558995518
2764.8 24981264.1633583 4899.74586894806
2851.2 25404602.2064354 4844.56797423458
2937.6 25823172.8794092 4791.21382400931
3024 26237133.7538037 4739.57541574732
3110.4 26646633.0697242 4689.55373125293
3196.8 27051810.5121045 4641.0577848752
3283.2 27452797.9047177 4594.0037931563
3369.6 27849719.8324464 4548.31444791472
3456 28242694.2007462 4503.91827778698
3542.4 28631832.739947 4460.7490857093
3628.8 29017241.4609523 4418.74545182969
3715.2 29399021.0679904 4377.8502929911
3801.6 29777267.3333048 4338.01047128758
3888 30152071.4380241 4299.17644532427
3974.4 30523520.2829001 4261.30195875081
4060.8 30891696.7721362 4224.34376142286
4147.2 31256680.0731231 4188.26135920429
4233.6 31618545.8545583 4153.01678897713
4320 31977366.505126 4118.57441589446
4406.4 32333211.3346593 4084.90075030804
4492.8 32686146.7594859 4051.96428214051
4579.2 33036236.4734628 4019.73533075954
4665.6 33383541.6060404 3988.18590865798
4752 33728120.8685485 3957.28959745534
4838.4 34070030.6897686 3927.02143491813
4924.8 34409325.3417456 3897.35781185328
5011.2 34746057.0566897 3868.27637786513
5097.6 35080276.1357372 3839.75595508391
5184 35412031.0502565 3811.77645907618
5270.4 35741368.5363207 3784.31882623715
5356.8 36068333.6829075 3757.36494704239
5443.2 36392970.014332 3730.89760460494
5529.6 36715319.5673699 3704.90041804361
5616 37035422.9634888 3679.35779022076
5702.4 37353319.4765639 3654.25485945433
5788.8 37669047.0964208 3629.57745484969
5875.2 37982642.5885198 3605.3120549329
5961.59999999999 38294141.550066 3581.44574929921
6047.99999999999 38603578.4628054 3557.96620301893
6134.39999999999 38910986.7427463 3534.86162356774
6220.79999999999 39216398.7870225 3512.12073007166
6307.19999999999 39519846.0181007 3489.73272467602
6393.59999999999 39821358.9255127 3467.68726586651
6479.99999999999 40120967.1052836 3445.97444358587
6566.39999999999 40418699.2972094 3424.58475600415
6652.79999999999 40714583.4201282 3403.50908781359
6739.19999999999 41008646.6053153 3382.73868993049
6825.59999999999 41300915.2281253 3362.26516049679
6911.99999999999 41591414.9379922 3342.08042708366
6998.39999999999 41880170.6868922 3322.17673000761
7084.79999999999 42167206.7563649 3302.54660667738
7171.19999999999 42452546.7831818 3283.18287689672
7257.59999999999 42736213.7837457 3264.07862905438
7343.99999999999 43018230.177296 3245.22720713837
7430.39999999999 43298617.8079927 3226.62219851652
7516.79999999999 43577397.9659446 3208.2574224302
7603.19999999999 43854591.4072425 3190.12691915222
7689.59999999999 44130218.3730573 3172.22493976379
7775.99999999999 44404298.6078529 3154.54593650889
7862.39999999999 44676851.3767672 3137.08455368769
7948.79999999999 44947895.4822059 3119.83561905358
8035.19999999999 45217449.2796921 3102.79413568098
8121.59999999999 45485530.6930149 3085.95527427359
8207.99999999999 45752157.2287122 3069.31436588505
8294.39999999999 46017345.9899246 3052.86689502583
8380.79999999998 46281113.6896549 3036.60849313239
8467.19999999998 46543476.6634615 3020.53493237601
8553.59999999998 46804450.8816188 3004.64211979061
8639.99999999998 47064051.9607687 2988.92609170012
8726.39999999998 47322295.1750916 2973.38300842736
8812.79999999998 47579195.4670197 2958.00914926782
8899.19999999998 47834767.4575164 2942.80090771248
8985.59999999998 48089025.4559428 2927.75478690536
9071.99999999998 48341983.4695314 2912.86739532206
9158.39999999998 48593655.2124873 2898.13544265661
9244.79999999998 48844054.1147328 2883.55573590489
9331.19999999998 49093193.330315 2869.12517563341
9417.59999999998 49341085.7454897 2854.84075242329
9503.99999999998 49587743.9864991 2840.69954347948
9590.39999999998 49833180.4270557 2826.69870939643
9676.79999999998 50077407.1955475 2812.83549107149
9763.19999999998 50320436.1819761 2799.10720675822
9849.59999999998 50562279.04464 2785.51124925204
9935.99999999998 50802947.2165754 2772.04508320121
10022.4 51042451.911764 2758.70624253668
10108.8 51280804.1311192 2745.49232801436
10195.2 51518014.6682596 2732.40100486432
10281.6 51754094.1150799 2719.43000054113
10368 51989052.8671266 2706.57710257045
10454.4 52222901.1287887 2693.8401564868
10540.8 52455648.9183092 2681.21706385815
10627.2 52687306.0726265 2668.70578039282
10713.6 52917882.2520525 2656.30431412482
10800 53147386.9447928 2644.01072367367
10886.4 53375829.4713182 2631.82311657515
10972.8 53603218.9885903 2619.73964767949
11059.2 53829564.4941498 2607.75851761394
11145.6 54054874.8300717 2595.87797130648
11232 54279158.6867926 2584.09629656788
11318.4 54502424.606816 2572.41182272949
11404.8 54724680.9882999 2560.8229193339
11491.2 54945936.0885303 2549.32799487638
11577.6 55166198.0272876 2537.92549559452
11664 55385474.790107 2526.61390430399
11750.4 55603774.2314389 2515.39173927832
11836.8 55821104.0777125 2504.25755317081
11923.2 56037471.9303065 2493.20993197654
12009.6 56252885.2684292 2482.24749403288
12096 56467351.4519137 2471.36888905672
12182.4 56680877.7239282 2460.57279721682
12268.8 56893471.2136077 2449.85792823985
12355.2 57105138.9386076 2439.22302054856
12441.6 57315887.807583 2428.66684043082
12528 57525724.6225962 2418.18818123816
12614.4 57734656.0814552 2407.78586261254
12700.8 57942688.7799849 2397.45872974031
12787.2 58149829.2142345 2387.20565263206
12873.6 58356083.7826219 2377.02552542746
12960 58561458.7880189 2366.91726572386
13046.4 58765960.4397774 2356.87981392798
13132.8 58969594.8557008 2346.91213262941
13219.2 59172368.06396 2337.01320599538
13305.6 59374286.004958 2327.18203918567
13392 59575354.5331436 2317.41765778708
13478.4 59775579.4187764 2307.71910726654
13564.8 59974966.3496442 2298.08545244222
13651.2 60173520.9327352 2288.51577697189
13737.6 60371248.6958656 2279.00918285789
13824 60568155.0892645 2269.56478996808
13910.4 60764245.4871178 2260.18173557214
13996.8 60959525.1890712 2250.85917389259
14083.2 61153999.4216955 2241.59627567013
14169.6 61347673.3399134 2232.39222774259
14256 61540552.0283904 2223.24623263706
14342.4 61732640.5028902 2214.15750817474
14428.8 61923943.7115965 2205.12528708796
14515.2 62114466.5364009 2196.14881664904
14601.6 62304213.7941594 2187.22735831044
14688 62493190.2379174 2178.36018735583
14774.4 62681400.558105 2169.5465925618
14860.8 62868849.3837023 2160.78587586959
14947.2 63055541.2833774 2152.07735206675
15033.6 63241480.766596 2143.42034847819
15120 63426672.2847045 2134.81420466634
15206.4 63611120.2319877 2126.25827214018
15292.8 63794828.9467006 2117.7519140727
15379.2 63977802.7120765 2109.29450502662
15465.6 64160045.7573108 2100.88543068797
15552 64341562.2585222 2092.52408760741
15638.4 64522356.3396915 2084.20988294883
15724.8 64702432.0735783 2075.94223424519
15811.2 64881793.4826171 2067.72056916121
15897.6 65060444.5397926 2059.54432526275
15984 65238389.1694953 2051.4129497926
16070.4 65415631.2483574 2043.32589945259
16156.8 65592174.6060701 2035.28264019161
16243.2 65768023.0261826 2027.28264699956
16329.6 65943180.2468834 2019.32540370691
16416 66117649.9617637 2011.41040278969
16502.4 66291435.8205647 2003.53714517982
16588.8 66464541.4299082 1995.7051400805
16675.2 66636970.3540112 1987.91390478657
16761.6 66808726.1153848 1980.16296450967
16848 66979812.1955184 1972.45185220803
16934.4 67150232.0355492 1964.78010842077
17020.8 67319989.0369167 1957.14728110653
17107.2 67489086.5620043 1949.55292548634
17193.6 67657527.9347664 1941.99660389058
17280 67825316.4413425 1934.47788560986
17366.4 67992455.3306592 1926.99634674983
17452.8 68158947.8150184 1919.55157008959
17539.2 68324797.0706741 1912.14314494384
17625.6 68490006.2383973 1904.77066702844
17712 68654578.4240285 1897.43373832937
17798.4 68818516.6990202 1890.13196697507
17884.8 68981824.1009668 1882.86496711186
17971.2 69144503.6341253 1875.63235878253
18057.6 69306558.2699241 1868.43376780796
18144 69467990.9474627 1861.26882567156
18230.4 69628804.5740007 1854.13716940668
18316.8 69789002.0254375 1847.03844148667
18403.2 69948586.1467819 1839.97228971766
18489.6 70107559.7526135 1832.93836713391
18576 70265925.6275339 1825.93633189572
18662.4 70423686.5266097 1818.96584718975
18748.8 70580845.1758069 1812.02658113176
18835.2 70737404.2724167 1805.11820667162
18921.6 70893366.4854731 1798.24040150058
19008 71048734.4561628 1791.39284796077
19094.4 71203510.7982266 1784.57523295673
19180.8 71357698.098354 1777.78724786913
19267.2 71511298.9165699 1771.02858847037
19353.6 71664315.7866138 1764.29895484219
19440 71816751.2163121 1757.59805129524
19526.4 71968607.6879441 1750.92558629035
19612.8 72119887.6585995 1744.28127236175
19699.2 72270593.5605316 1737.66482604192
19785.6 72420727.8015016 1731.07596778821
19872 72570292.7651185 1724.51442191109
19958.4 72719290.8111716 1717.97991650403
20044.8 72867724.2759576 1711.47218337489
20131.2 73015595.4726012 1704.99095797892
20217.6 73162906.6913705 1698.53597935316
20304 73309660.1999867 1692.10699005239
20390.4 73455858.2439272 1685.70373608635
20476.8 73601503.046725 1679.32596685849
20563.2 73746596.8102616 1672.97343510592
20649.6 73891141.7150548 1666.64589684074
20736 74035139.9205418 1660.34311129261
20822.4 74178593.5653575 1654.06484085258
20908.8 74321504.7676072 1647.81085101808
20995.2 74463875.6251351 1641.58091033914
21081.6 74605708.2157884 1635.3747903657
21168 74747004.597676 1629.19226559608
21254.4 74887766.8094235 1623.0331134265
21340.8 75027996.8704236 1616.89711410167
21427.2 75167696.781082 1610.78405066646
21513.6 75306868.5230595 1604.6937089185
21600 75445514.0595101 1598.6258773618
21686.4 75583635.3353142 1592.58034716134
21772.8 75721234.2773089 1586.55691209861
21859.2 75858312.7945142 1580.55536852798
21945.6 75994872.778355 1574.57551533407
22032 76130916.1028799 1568.61715388988
22118.4 76266444.624976 1562.68008801589
22204.8000000001 76401460.1845806 1556.76412393986
22291.2000000001 76535964.604889 1550.86907025753
22377.6000000001 76669959.6925592 1544.99473789404
22464.0000000001 76803447.2379133 1539.14094006621
22550.4000000001 76936429.015135 1533.30749224545
22636.8000000001 77068906.782465 1527.49421212151
22723.2000000001 77200882.2823923 1521.7009195669
22809.6000000001 77332357.2418429 1515.92743660199
22896.0000000001 77463333.3723653 1510.17358736084
22982.4000000001 77593812.3703133 1504.43919805765
23068.8000000001 77723795.9170254 1498.7240969539
23155.2000000001 77853285.6790023 1493.02811432612
23241.6000000001 77982283.30808 1487.35108243423
23328.0000000001 78110790.4416024 1481.69283549059
23414.4000000001 78238808.7025888 1476.05320962953
23500.8000000001 78366339.6999007 1470.43204287755
23587.2000000001 78493385.0284054 1464.82917512401
23673.6000000001 78619946.2691361 1459.24444809248
23760.0000000001 78746024.9894513 1453.67770531249
23846.4000000001 78871622.7431903 1448.12879209195
23932.8000000001 78996741.070827 1442.59755548999
24019.2000000001 79121381.4996214 1437.08384429034
24105.6000000001 79245545.543768 1431.58750897522
24192.0000000001 79369234.7045435 1426.10840169969
24278.4000000001 79492450.4704504 1420.64637626649
24364.8000000001 79615194.3173598 1415.20128810133
24451.2000000001 79737467.7086517 1409.77299422864
24537.6000000001 79859272.0953531 1404.36135324774
24624.0000000001 79980608.9162737 1398.96622530952
24710.4000000001 80101479.5981404 1393.58747209343
24796.8000000001 80221885.5557293 1388.22495678497
24883.2000000001 80341828.1919955 1382.87854405356
24969.6000000001 80461308.8982018 1377.5481000308
25056.0000000001 80580329.0540444 1372.23349228914
25142.4000000001 80698890.0277782 1366.93458982088
25228.8000000001 80816993.1763387 1361.65126301764
25315.2000000001 80934639.8454635 1356.38338365006
25401.6000000001 81051831.3698108 1351.13082484797
25488.0000000001 81168569.0730777 1345.89346108089
25574.4000000001 81284854.2681151 1340.67116813879
25660.8000000001 81400688.2570423 1335.46382311329
25747.2000000001 81516072.3313593 1330.27130437915
25833.6000000001 81631007.7720576 1325.09349157602
25920.0000000001 81745495.8497298 1319.93026559064
26006.4000000001 81859537.8246768 1314.7815085392
26092.8000000001 81973134.9470146 1309.64710375008
26179.2000000001 82086288.4567786 1304.5269357469
26265.6000000001 82198999.5840271 1299.42089023184
26352.0000000001 82311269.5489432 1294.32885406917
26438.4000000001 82423099.5619347 1289.25071526922
26524.8000000001 82534490.823734 1284.18636297244
26611.2000000001 82645444.5254948 1279.13568743388
26697.6000000001 82755961.8488891 1274.09858000782
26784.0000000001 82866043.9662018 1269.07493313274
26870.4000000001 82975692.0404244 1264.06464031647
26956.8000000001 83084907.2253478 1259.06759612163
27043.2000000001 83193690.6656527 1254.08369615131
27129.6000000001 83302043.4970002 1249.11283703496
27216.0000000001 83409966.84612 1244.15491641455
27302.4000000001 83517461.8308982 1239.2098329309
27388.8000000001 83624529.5604634 1234.27748621032
27475.2000000001 83731171.135272 1229.35777685135
27561.6000000001 83837387.647192 1224.45060641185
27648.0000000001 83943180.1795859 1219.55587739619
27734.4000000001 84048549.807393 1214.67349324268
27820.8000000001 84153497.5972091 1209.80335831124
27907.2000000001 84258024.6073672 1204.94537787121
27993.6000000001 84362131.8880153 1200.09945808941
28080.0000000001 84465820.4811942 1195.26550601834
28166.4000000002 84569091.4209142 1190.44342958456
28252.8000000002 84671945.7332303 1185.63313757737
28339.2000000002 84774384.436317 1180.83453963748
28425.6000000002 84876408.5405417 1176.04754624604
28512.0000000002 84978019.0485374 1171.27206871371
28598.4000000002 85079216.9552742 1166.50801916998
28684.8000000002 85180003.2481305 1161.75531055263
28771.2000000002 85280378.9069623 1157.01385659731
28857.6000000002 85380344.9041723 1152.28357182739
28944.0000000002 85479902.2047782 1147.56437154386
29030.4000000002 85579051.7664796 1142.85617181542
29116.8000000002 85677794.5397244 1138.15888946875
29203.2000000002 85776131.4677745 1133.4724420789
29289.6000000002 85874063.4867701 1128.79674795982
29376.0000000002 85971591.5257939 1124.13172615509
29462.4000000002 86068716.5069336 1119.47729642867
29548.8000000002 86165439.3453451 1114.83337925595
29635.2000000002 86261760.9493128 1110.19989581479
29721.6000000002 86357682.2203112 1105.57676797681
29808.0000000002 86453204.0530644 1100.96391829871
29894.4000000002 86548327.3356054 1096.36127001378
29980.8000000002 86643052.9493346 1091.76874702355
30067.2000000002 86737381.7690774 1087.18627388949
30153.6000000002 86831314.6631415 1082.61377582494
30240.0000000002 86924852.4933728 1078.05117868702
30326.4000000002 87017996.1152113 1073.49840896881
30412.8000000002 87110746.3777462 1068.95539379154
30499.2000000002 87203104.1237698 1064.42206089691
30585.6000000002 87295070.1898313 1059.89833863957
30672.0000000002 87386645.4062898 1055.38415597967
30758.4000000002 87477830.5973664 1050.87944247551
30844.8000000002 87568626.5811963 1046.3841282763
30931.2000000002 87659034.1698794 1041.89814411508
31017.6000000002 87749054.1695309 1037.42142130166
31104.0000000002 87838687.3803314 1032.95389171571
31190.4000000002 87927934.5965756 1028.49548779993
31276.8000000002 88016796.6067215 1024.04614255333
31363.2000000002 88105274.1934381 1019.6057895246
31449.6000000002 88193368.1336531 1015.17436280557
31536.0000000002 88281079.1985995 1010.75179702475
31622.4000000002 88368408.1538624 1006.338027341
31708.8000000002 88455355.7594247 1001.93298943724
31795.2000000002 88541922.769712 997.536619514307
31881.6000000002 88628109.9336381 993.148854284815
31968.0000000002 88713917.9946483 988.769630967185
32054.4000000002 88799347.6907638 984.398887279701
32140.8000000002 88884399.7546248 980.036561434679
32227.2000000002 88969074.9135328 975.682592132694
32313.6000000002 89053373.889493 971.336918556906
32400.0000000002 89137297.3992563 966.999480367446
32486.4000000002 89220846.1543601 962.670217695893
32572.8000000002 89304020.861169 958.349071139819
32659.2000000002 89386822.2209155 954.035981757406
32745.6000000002 89469250.9297394 949.730891062144
32832.0000000002 89551307.6787271 945.433741017589
32918.4000000002 89632993.153951 941.144474032202
33004.8000000002 89714308.0365074 936.863032954254
33091.2000000002 89795253.0025547 932.589361066794
33177.6000000002 89875828.7233508 928.32340208269
33264.0000000002 89956035.8652908 924.065100139734
33350.4000000002 90035875.0899428 919.814399795813
33436.8000000002 90115347.0540852 915.571246024139
33523.2000000002 90194452.4097417 911.33558420855
33609.6000000002 90273191.8042173 907.107360138863
33696.0000000002 90351565.8801333 902.886520006297
33782.4000000002 90429575.2754618 898.673010398948
33868.8000000002 90507220.6235603 894.466778297332
33955.2000000002 90584502.5532052 890.267771069971
34041.6000000002 90661421.6886256 886.075936469056
34128.0000000002 90737978.6495366 881.891222626146
34214.4000000002 90814174.0511715 877.71357804794
34300.8000000003 90890008.5043148 873.542951612085
34387.2000000003 90965482.6153341 869.379292563058
34473.6000000003 91040596.9862115 865.222550508081
34560.0000000003 91115352.2145754 861.072675413103
34646.4000000003 91189748.8937311 856.929617598822
34732.8000000003 91263787.6126917 852.793327736764
34819.2000000003 91337468.9562081 848.663756845411
34905.6000000003 91410793.5047996 844.540856286373
34992.0000000003 91483761.8347827 840.42457776061
35078.4000000003 91556374.5183012 836.314873304708
35164.8000000003 91628632.1233547 832.211695287187
35251.2000000003 91700535.2138276 828.114996404871
35337.6000000003 91772084.3495169 824.024729679287
35424.0000000003 91843280.0861612 819.940848453124
35510.4000000003 91914122.9754676 815.863306386723
35596.8000000003 91984613.5651394 811.792057454619
35683.2000000003 92054752.3989035 807.727055942114
35769.6000000003 92124540.0165369 803.668256441909
35856.0000000003 92193976.9538934 799.615613850759
35942.4000000003 92263063.7429301 795.569083366179
36028.8000000003 92331800.911733 791.528620483189
36115.2000000003 92400188.9845427 787.494180991091
36201.6000000003 92468228.4817804 783.465720970299
36288.0000000003 92535919.9200722 779.443196789187
36374.4000000003 92603263.8122748 775.426565100996
36460.8000000003 92670260.6674995 771.415782840759
36547.2000000003 92736910.991137 767.410807222275
36633.6000000003 92803215.284881 763.411595735115
36720.0000000003 92869174.0467525 759.41810614166
36806.4000000003 92934787.7711231 755.430296474178
36892.8000000003 93000056.9487385 751.448125031935
36979.2000000003 93064982.0667412 747.471550378337
37065.6000000003 93129563.6086939 743.500531338105
37152.0000000003 93193802.0546015 739.535026994489
37238.4000000003 93257697.8809339 735.574996686505
37324.8000000003 93321251.5606476 731.620400006213
37411.2000000003 93384463.5632081 727.671196796018
37497.6000000003 93447334.3546113 723.727347146007
37584.0000000003 93509864.3974047 719.788811391314
37670.4000000003 93572054.1507089 715.855550109521
37756.8000000003 93633904.0702384 711.927524118077
37843.2000000003 93695414.6083222 708.004694471755
37929.6000000003 93756586.2139245 704.087022460138
38016.0000000003 93817419.3326651 700.174469605126
38102.4000000003 93877914.406839 696.26699765848
38188.8000000003 93938071.8754367 692.364568599385
38275.2000000003 93997892.1741637 688.467144632047
38361.6000000003 94057375.7354599 684.574688183311
38448.0000000003 94116522.9885189 680.68716190031
38534.4000000003 94175334.3593071 676.804528648137
38620.8000000003 94233810.2705823 672.926751507543
38707.2000000003 94291951.1419125 669.05379377266
38793.6000000003 94349757.3896945 665.185618948752
38880.0000000003 94407229.4271717 661.322190749982
38966.4000000003 94464367.6644525 657.463473097218
39052.8000000003 94521172.5085281 653.609430115843
39139.2000000003 94577644.3632901 649.760026133608
39225.6000000003 94633783.629548 645.915225678493
39312.0000000003 94689590.7050467 642.074993476599
39398.4000000003 94745065.984483 638.239294450062
39484.8000000003 94800209.8595235 634.408093714985
39571.2000000003 94855022.7188205 630.581356579396
39657.6000000003 94909504.948029 626.759048541225
39744.0000000003 94963656.9298229 622.9411352863
39830.4000000003 95017479.0439116 619.127582686373
39916.8000000003 95070971.6670557 615.318356797155
40003.2000000003 95124135.173083 611.513423856382
40089.6000000003 95176969.9329042 607.712750281888
40176.0000000003 95229476.3145286 603.916302669715
40262.4000000004 95281654.6830792 600.124047792225
40348.8000000004 95333505.4008085 596.335952596244
40435.2000000004 95385028.8271128 592.551984201218
40521.6000000004 95436225.3185478 588.772109897392
40608.0000000004 95487095.2288429 584.996297144002
40694.4000000004 95537638.9089162 581.224513567492
40780.8000000004 95587856.7068884 577.456726959742
40867.2000000004 95637748.9680977 573.692905276319
40953.6000000004 95687316.0351136 569.933016634744
41040.0000000004 95736558.2477508 566.177029312774
41126.4000000004 95785475.9430835 562.424911746701
41212.8000000004 95834069.4554584 558.676632529675
41299.2000000004 95882339.1165089 554.932160410029
41385.6000000004 95930285.2551683 551.191464289638
41472.0000000004 95977908.197683 547.454513222279
41558.4000000004 96025208.2676254 543.721276412013
41644.8000000004 96072185.7859074 539.991723211585
41731.2000000004 96118841.0707929 536.265823120834
41817.6000000004 96165174.4379105 532.543545785123
41904.0000000004 96211186.2002663 528.824860993779
41990.4000000004 96256876.6682562 525.109738678553
42076.8000000004 96302246.149678 521.39814891209
42163.2000000004 96347294.949744 517.690061906417
42249.6000000004 96392023.3710928 513.985448011443
42336.0000000004 96436431.7138009 510.284277713471
42422.4000000004 96480520.2753954 506.586521633728
42508.8000000004 96524289.3508645 502.892150526909
42595.2000000004 96567739.2326701 499.201135279726
42681.6000000004 96610870.2107582 495.513446909483
42768.0000000004 96653682.5725712 491.829056562651
42854.4000000004 96696176.6030582 488.147935513467
42940.8000000004 96738352.5846866 484.470055162537
43027.2000000004 96780210.7974526 480.795387035457
43113.6000000004 96821751.5188925 477.123902781445
43200.0000000004 96862975.0240928 473.455574171981
43286.4000000004 96903881.5857013 469.790373099468
43372.8000000004 96944471.473937 466.128271575894
43459.2000000004 96984744.9566012 462.469241731514
43545.6000000004 97024702.2990868 458.813255813539
43632.0000000004 97064343.7643891 455.16028618484
43718.4000000004 97103669.6131155 451.510305322658
43804.8000000004 97142680.1034954 447.863285817329
43891.2000000004 97181375.49139 444.219200371018
43977.6000000004 97219756.030302 440.578021796466
44064.0000000004 97257821.9713852 436.939723015747
44150.4000000004 97295573.5634538 433.304277059029
44236.8000000004 97333011.0529917 429.671657063356
44323.2000000004 97370134.684162 426.041836271435
44409.6000000004 97406944.6988158 422.414788030426
44496.0000000004 97443441.3365017 418.790485790758
44582.4000000004 97479624.834474 415.168903104937
44668.8000000004 97515495.4277022 411.550013626377
44755.2000000004 97551053.3488796 407.933791108234
44841.6000000004 97586298.8284313 404.32020940225
44928.0000000004 97621232.0945237 400.709242457607
45014.4000000004 97655853.373072 397.100864319788
45100.8000000004 97690162.8877492 393.495049129453
45187.2000000004 97724160.859994 389.891771121316
45273.6000000004 97757847.5090189 386.291004623034
45360.0000000004 97791223.0518183 382.692724054108
45446.4000000004 97824287.7031766 379.096903924785
45532.8000000004 97857041.6756757 375.503518834976
45619.2000000004 97889485.179703 371.912543473174
45705.6000000004 97921618.4234591 368.32395261539
45792.0000000004 97953441.6129651 364.737721124088
45878.4000000004 97984954.9520702 361.153823947133
45964.8000000004 98016158.6424592 357.572236116744
46051.2000000004 98047052.8836597 353.992932748457
46137.6000000004 98077637.8730492 350.415889040094
46224.0000000005 98107913.8058623 346.841080270737
46310.4000000005 98137880.8751976 343.268481799717
46396.8000000005 98167539.2720251 339.698069065601
46483.2000000005 98196889.1851924 336.12981758519
46569.6000000005 98225930.8014318 332.563702952527
46656.0000000005 98254664.3053669 328.999700837909
46742.4000000005 98283089.8795193 325.4377869869
46828.8000000005 98311207.7043149 321.877937219366
46915.2000000005 98339017.9580907 318.320127428496
47001.6000000005 98366520.8171005 314.764333579851
47088.0000000005 98393716.4555218 311.2105317104
47174.4000000005 98420605.0454616 307.658697927577
47260.8000000005 98447186.7569625 304.108808408336
47347.2000000005 98473461.758009 300.560839398214
47433.6000000005 98499430.214533 297.014767210399
47520.0000000005 98525092.29042 293.47056822481
47606.4000000005 98550448.1475146 289.928218887173
47692.8000000005 98575497.9456265 286.387695708109
47779.2000000005 98600241.8425356 282.848975262228
47865.6000000005 98624679.9939983 279.312034187225
47952.0000000005 98648812.5537521 275.776849182985
48038.4000000005 98672639.6735215 272.243397010688
48124.8000000005 98696161.5030232 268.711654491929
48211.2000000005 98719378.1899713 265.181598507831
48297.6000000005 98742289.8800824 261.653205998173
48384.0000000005 98764896.7170806 258.126453960517
48470.4000000005 98787198.8427028 254.601319449345
48556.8000000005 98809196.3967032 251.077779575193
48643.2000000005 98830889.5168585 247.555811503802
48729.6000000005 98852278.3389724 244.035392455258
48816.0000000005 98873362.9968806 240.516499703154
48902.4000000005 98894143.6224549 236.999110573739
48988.8000000005 98914620.3456085 233.483202445087
49075.2000000005 98934793.2942998 229.968752746259
49161.6000000005 98954662.594537 226.455738956477
49248.0000000005 98974228.3703829 222.944138604295
49334.4000000005 98993490.7439583 219.433929266782
49420.8000000005 99012449.8354469 215.925088568704
49507.2000000005 99031105.7630993 212.417594181709
49593.6000000005 99049458.6432365 208.911423823522
49680.0000000005 99067508.5902549 205.406555257137
49766.4000000005 99085255.7166291 201.902966290017
49852.8000000005 99102700.1329166 198.400634773294
49939.2000000005 99119841.947761 194.89953860098
50025.6000000005 99136681.2678961 191.399655709174
50112.0000000005 99153218.1981494 187.900964075272
50198.4000000005 99169452.8414455 184.403441717189
50284.8000000005 99185385.2988099 180.907066692576
50371.2000000005 99201015.6693721 177.411817098044
50457.6000000005 99216344.0503694 173.91767106839
50544.0000000005 99231370.5371497 170.424606775827
50630.4000000005 99246095.2231751 166.932602429216
50716.8000000005 99260518.200025 163.441636273303
50803.2000000005 99274639.557399 159.951686587957
50889.6000000005 99288459.3831202 156.462731687411
50976.0000000005 99301977.763138 152.974749919506
51062.4000000005 99315194.781531 149.487719664942
51148.8000000005 99328110.5205101 146.001619336521
51235.2000000005 99340725.0604208 142.516427378406
51321.6000000005 99353038.4797463 139.032122265373
51408.0000000005 99365050.85511 135.548682502067
51494.4000000005 99376762.2612782 132.066086622267
51580.8000000005 99388172.7711623 128.584313188142
51667.2000000005 99399282.4558218 125.10334078952
51753.6000000005 99410091.384466 121.623148043156
51840.0000000005 99420599.6244569 118.143713591995
51926.4000000005 99430807.2413113 114.66501610445
52012.8000000005 99440714.2987027 111.187034273671
52099.2000000006 99450320.8584639 107.709746816822
52185.6000000006 99459626.9805889 104.233132474358
52272.0000000006 99468632.7232347 100.757170009305
52358.4000000006 99477338.1427235 97.2818382065398
52444.8000000006 99485743.2935445 93.807115872072
52531.2000000006 99493848.2283559 90.3329818323307
52617.6000000006 99501652.9979862 86.8594149334493
52704.0000000006 99509157.6514365 83.3863940405533
52790.4000000006 99516362.2358816 79.9138980370497
52876.8000000006 99523266.796672 76.441905823918
52963.2000000006 99529871.3773352 72.9703963190016
53049.6000000006 99536176.0195771 69.4993484563021
53136.0000000006 99542180.7632837 66.0287411852738
53222.4000000006 99547885.6465221 62.5585534701195
53308.8000000006 99553290.705542 59.0887642890884
53395.2000000006 99558395.9747766 55.6193526337738
53481.6000000006 99563201.4868441 52.150297508413
53568.0000000006 99567707.2725488 48.6815779291876
53654.4000000006 99571913.3608819 45.213172923525
53740.8000000006 99575819.7790225 41.7450615294008
53827.2000000006 99579426.5523387 38.277222794642
53913.6000000006 99582733.7043881 34.8096357762309
54000.0000000006 99585741.2569192 31.3422795396099
54086.4000000006 99588449.2298714 27.8751331579869
54172.8000000006 99590857.6413762 24.4081757116414
54259.2000000006 99592966.5077577 20.9413862872311
54345.6000000006 99594775.8435329 17.4747439770991
54432.0000000006 99596285.6614126 14.0082278785814
54518.4000000006 99597495.9723013 10.5418170933147
54604.8000000006 99598406.7852981 7.07549072654534
54691.2000000006 99599018.1076969 3.60922788643738
54777.6000000006 99599329.9449863 0.143007683381742
54864.0000000006 99599342.3008501 -3.32319077069474
54950.4000000006 99599055.1771675 -6.78938836302017
55036.8000000006 99598468.574013 -10.2556059806683
55123.2000000006 99597582.4896562 -13.7218645112491
55209.6000000006 99596396.9205625 -17.1881848435999
55296.0000000006 99594911.861392 -20.6545878684756
55382.4000000006 99593127.3050001 -24.1210944792404
55468.8000000006 99591043.2424371 -27.5877255725583
55555.2000000006 99588659.6629477 -31.0545020490849
55641.6000000006 99585976.5539706 -34.5214448141592
55728.0000000006 99582993.9011387 -37.9885747784955
55814.4000000006 99579711.6882778 -41.4559128588762
55900.8000000006 99576129.8974068 -44.9234799788445
55987.2000000006 99572248.5087366 -48.3912970693984
56073.6000000006 99568067.5006698 -51.8593850696843
56160.0000000006 99563586.8497998 -55.3277649276923
56246.4000000006 99558806.5309101 -58.7964576009515
56332.8000000006 99553726.5169733 -62.2654840572261
56419.2000000006 99548346.7791508 -65.7348652752129
56505.6000000006 99542667.286791 -69.2046222452385
56592.0000000006 99536688.007429 -72.674775969959
56678.4000000006 99530408.9067852 -76.1453474650592
56764.8000000006 99523829.9487642 -79.616357759954
56851.2000000006 99516951.0954538 -83.0878278984898
56937.6000000006 99509772.3071233 -86.5597789396482
57024.0000000006 99502293.5422229 -90.0322319582498
57110.4000000006 99494514.7573818 -93.5052080456603
57196.8000000006 99486435.9074066 -96.9787283104971
57283.2000000006 99478056.9452806 -100.452813879338
57369.6000000006 99469377.8221614 -103.927485897429
57456.0000000006 99460398.4873799 -107.402765529401
57542.4000000006 99451118.8884381 -110.878673959974
57628.8000000006 99441538.971008 -114.355232394679
57715.2000000006 99431658.6789291 -117.832462060572
57801.6000000006 99421477.954207 -121.310384206949
57888.0000000006 99410996.7370116 -124.78902010607
57974.4000000006 99400214.9656744 -128.268391053875
58060.8000000007 99389132.5766874 -131.748518370715
58147.2000000007 99377749.5047001 -135.229423402069
58233.6000000007 99366065.6825182 -138.711127519277
58320.0000000007 99354081.0411005 -142.193652120268
58406.4000000007 99341795.5095573 -145.67701863029
58492.8000000007 99329209.0151477 -149.161248502646
58579.2000000007 99316321.483277 -152.646363219428
58665.6000000007 99303132.8374949 -156.132384292259
58752.0000000007 99289642.999492 -159.619333263028
58838.4000000007 99275851.8890981 -163.10723170464
58924.8000000007 99261759.4242788 -166.596101221755
59011.2000000007 99247365.5211333 -170.085963451544
59097.6000000007 99232670.093891 -173.576840064431
59184.0000000007 99217673.0549095 -177.068752764854
59270.4000000007 99202374.3146706 -180.56172329202
59356.8000000007 99186773.7817781 -184.055773420663
59443.2000000007 99170871.3629546 -187.550924961804
59529.6000000007 99154666.9630379 -191.047199763521
59616.0000000007 99138160.4849783 -194.544619711716
59702.4000000007 99121351.8298352 -198.043206730884
59788.8000000007 99104240.8967737 -201.54298278489
59875.2000000007 99086827.5830611 -205.043969877746
59961.6000000007 99069111.7840636 -208.54619005439
60048.0000000007 99051093.3932429 -212.049665401475
60134.4000000007 99032772.3021522 -215.554418048154
60220.8000000007 99014148.4004329 -219.060470166871
60307.2000000007 98995221.5758105 -222.567843974156
60393.6000000007 98975991.7140911 -226.076561731427
60480.0000000007 98956458.6991575 -229.58664574579
60566.4000000007 98936622.4129651 -233.098118370842
60652.8000000007 98916482.7355378 -236.611002007488
60739.2000000007 98896039.5449644 -240.125319104749
60825.6000000007 98875292.7173937 -243.641092160584
60912.0000000007 98854242.127031 -247.15834372271
60998.4000000007 98832887.6461334 -250.677096389429
61084.8000000007 98811229.1450054 -254.197372810458
61171.2000000007 98789266.4919945 -257.719195687766
61257.6000000007 98766999.5534871 -261.242587776409
61344.0000000007 98744428.1939032 -264.76757188538
61430.4000000007 98721552.2756923 -268.294170878451
61516.8000000007 98698371.6593284 -271.82240767503
61603.2000000007 98674886.2033053 -275.352305251018
61689.6000000007 98651095.7641316 -278.883886639669
61776.0000000007 98627000.196326 -282.417174932461
61862.4000000007 98602599.3524118 -285.952193279967
61948.8000000007 98577893.0829124 -289.48896489273
62035.2000000007 98552881.2363457 -293.027513042148
62121.6000000007 98527563.6592188 -296.567861061362
62208.0000000007 98501940.1960231 -300.110032346147
62294.4000000007 98476010.6892284 -303.654050355813
62380.8000000007 98449774.9792777 -307.199938614105
62467.2000000007 98423232.9045814 -310.747720710116
62553.6000000007 98396384.3015121 -314.2974202992
62640.0000000007 98369229.0043982 -317.849061103894
62726.4000000007 98341766.8455188 -321.402666914842
62812.8000000007 98313997.6550974 -324.958261591731
62899.2000000007 98285921.2612959 -328.515869064228
62985.6000000007 98257537.4902087 -332.075513332923
63072.0000000007 98228846.1658567 -335.637218470284
63158.4000000007 98199847.1101809 -339.201008621607
63244.8000000007 98170540.143036 -342.766908005988
63331.2000000007 98140925.0821843 -346.334940917286
63417.6000000007 98111001.743289 -349.905131725103
63504.0000000007 98080769.939908 -353.477504875768
63590.4000000007 98050229.4834867 -357.052084893321
63676.8000000007 98019380.1833519 -360.628896380521
63763.2000000007 97988221.8467047 -364.207964019837
63849.6000000007 97956754.2786133 -367.789312574468
63936.0000000007 97924977.2820069 -371.372966889359
64022.4000000008 97892890.6576677 -374.958951892226
64108.8000000008 97860494.2042242 -378.547292594585
64195.2000000008 97827787.718144 -382.138014092801
64281.6000000008 97794770.9937264 -385.731141569129
64368.0000000008 97761443.8230948 -389.326700292771
64454.4000000008 97727805.9961895 -392.924715620943
64540.8000000008 97693857.3007599 -396.525212999942
64627.2000000008 97659597.5223567 -400.128217966229
64713.6000000008 97625026.4443244 -403.733756147517
64800.0000000008 97590143.8477933 -407.341853263865
64886.4000000008 97554949.5116713 -410.952535128783
64972.8000000008 97519443.2126361 -414.565827650348
65059.2000000008 97483624.7251271 -418.181756832322
65145.6000000008 97447493.8213368 -421.800348775287
65232.0000000008 97411050.2712026 -425.421629677781
65318.4000000008 97374293.8423985 -429.045625837448
65404.8000000008 97337224.3003261 -432.672363652198
65491.2000000008 97299841.4081066 -436.301869621372
65577.6000000008 97262144.9265713 -439.934170346917
65664.0000000008 97224134.6142533 -443.569292534577
65750.4000000008 97185810.2273783 -447.207262995086
65836.8000000008 97147171.5198556 -450.848108645375
65923.2000000008 97108218.2432686 -454.491856509787
66009.6000000007 97068950.1468661 -458.138533721303
66096.0000000007 97029366.9775526 -461.788167522781
66182.4000000007 96989468.4798786 -465.440785268199
66268.8000000007 96949254.3960315 -469.096414423915
66355.2000000007 96908724.4658253 -472.755082569934
66441.6000000007 96867878.4266912 -476.416817401189
66528.0000000007 96826716.0136678 -480.081646728826
66614.4000000007 96785236.9593904 -483.749598481513
66700.8000000007 96743440.9940816 -487.420700706744
66787.2000000007 96701327.8455405 -491.094981572171
66873.6000000007 96658897.2391327 -494.772469366933
66960.0000000007 96616148.8977794 -498.453192503008
67046.4000000007 96573082.5419471 -502.137179516572
67132.8000000007 96529697.8896369 -505.824459069369
67219.2000000007 96485994.6563733 -509.515059950096
67305.6000000007 96441972.5551936 -513.209011075799
67392.0000000007 96397631.2966367 -516.906341493284
67478.4000000006 96352970.5887316 -520.607080380536
67564.8000000006 96307990.1369867 -524.311257048159
67651.2000000006 96262689.6443778 -528.018900940818
67737.6000000006 96217068.8113365 -531.730041638706
67824.0000000006 96171127.3357389 -535.444708859016
67910.4000000006 96124864.9128935 -539.162932457433
67996.8000000006 96078281.2355292 -542.884742429635
68083.2000000006 96031375.9937833 -546.610168912809
68169.6000000006 95984148.8751892 -550.339242187188
68256.0000000006 95936599.5646642 -554.071992677588
68342.4000000006 95888727.7444969 -557.80845095498
68428.8000000006 95840533.0943344 -561.548647738057
68515.2000000006 95792015.2911698 -565.292613894829
68601.6000000006 95743174.0093293 -569.040380444228
68688.0000000006 95694008.9204589 -572.791978557732
68774.4000000006 95644519.6935115 -576.547439561
68860.8000000006 95594705.9947335 -580.30679493553
68947.2000000006 95544567.487651 -584.070076320324
69033.6000000005 95494103.8330569 -587.83731551358
69120.0000000005 95443314.6889966 -591.60854447439
69206.4000000005 95392199.710754 -595.383795324466
69292.8000000005 95340758.5508379 -599.163100349873
69379.2000000005 95288990.8589677 -602.946492002787
69465.6000000005 95236896.2820587 -606.734002903266
69552.0000000005 95184474.4642078 -610.52566584104
69638.4000000005 95131725.0466792 -614.321513777325
69724.8000000005 95078647.6678888 -618.121579846641
69811.2000000005 95025241.9633901 -621.925897358667
69897.6000000005 94971507.5658583 -625.734499800103
69984.0000000005 94917444.1050756 -629.547420836552
70070.4000000005 94863051.2079153 -633.364694314424
70156.8000000005 94808328.4983265 -637.186354262864
70243.2000000005 94753275.5973182 -641.012434895691
70329.6000000005 94697892.1229432 -644.842970613363
70416.0000000005 94642177.6902822 -648.677996004964
70502.4000000004 94586131.9114274 -652.517545850205
70588.8000000004 94529754.3954659 -656.361655121456
70675.2000000004 94473044.7484634 -660.21035898579
70761.6000000004 94416002.5734471 -664.063692807056
70848.0000000004 94358627.4703885 -667.92169214797
70934.4000000004 94300919.0361869 -671.78439277223
71020.8000000004 94242876.8646514 -675.651830646654
71107.2000000004 94184500.5464836 -679.52404194334
71193.6000000004 94125789.6692597 -683.401063041852
71280.0000000004 94066743.8174128 -687.282930531424
71366.4000000004 94007362.5722149 -691.169681213199
71452.8000000004 93947645.5117581 -695.061352102478
71539.2000000004 93887592.2109364 -698.957980431006
71625.6000000004 93827202.2414272 -702.859603649279
71712.0000000004 93766475.1716719 -706.766259428874
71798.4000000004 93705410.5668572 -710.677985664808
71884.8000000004 93644007.9888958 -714.594820477924
71971.2000000003 93582266.9964065 -718.516802217298
72057.6000000003 93520187.1446949 -722.443969462684
72144.0000000003 93457767.9857334 -726.376361026975
72230.4000000003 93395009.0681406 -730.314015958695
72316.8000000003 93331909.9371618 -734.256973544528
72403.2000000003 93268470.1346475 -738.205273311863
72489.6000000003 93204689.1990334 -742.158955031374
72576.0000000003 93140566.6653187 -746.118058719632
72662.4000000003 93076102.0650453 -750.082624641744
72748.8000000003 93011294.9262763 -754.052693314021
72835.2000000003 92946144.7735739 -758.02830550668
72921.6000000003 92880651.1279782 -762.009502246577
73008.0000000003 92814813.5069841 -765.996324819968
73094.4000000003 92748631.4245196 -769.988814775311
73180.8000000003 92682104.390923 -773.987013926086
73267.2000000003 92615231.9129198 -777.990964353668
73353.6000000003 92548013.4935997 -782.000708410214
73440.0000000002 92480448.632393 -786.016288721597
73526.4000000002 92412536.8250475 -790.037748190375
73612.8000000002 92344277.5636038 -794.065129998783
73699.2000000002 92275670.336372 -798.098477611776
73785.6000000002 92206714.6279063 -802.1378347801
73872.0000000002 92137409.9189813 -806.183245543399
73958.4000000002 92067755.6865664 -810.234754233367
74044.8000000002 91997751.4038006 -814.292405476929
74131.2000000002 91927396.5399674 -818.356244199465
74217.6000000002 91856690.5604686 -822.426315628078
74304.0000000002 91785632.9267983 -826.502665294889
74390.4000000002 91714223.0965168 -830.585339040388
74476.8000000002 91642460.5232237 -834.674383016814
74563.2000000002 91570344.6565311 -838.76984369158
74649.6000000002 91497874.9420361 -842.871767850747
74736.0000000002 91425050.8212938 -846.980202602531
74822.4000000002 91351871.731789 -851.095195380858
74908.8000000001 91278337.1069081 -855.216793948967
74995.2000000001 91204446.3759109 -859.34504640305
75081.6000000001 91130198.9639016 -863.480001175946
75168.0000000001 91055594.2918 -867.621707040877
75254.4000000001 90980631.7763117 -871.770213115231
75340.8000000001 90905310.8298986 -875.925568864391
75427.2000000001 90829630.8607487 -880.087824105624
75513.6000000001 90753591.2727459 -884.257029012
75600.0000000001 90677191.4654393 -888.433234116381
75686.4000000001 90600430.8340116 -892.616490315449
75772.8000000001 90523308.7692484 -896.806848873787
75859.2000000001 90445824.6575057 -901.004361428016
75945.6000000001 90367977.8806783 -905.209079990988
76032.0000000001 90289767.8161671 -909.421056956023
76118.4000000001 90211193.8368461 -913.640345101211
76204.8000000001 90132255.3110294 -917.866997593767
76291.2000000001 90052951.6024373 -922.101067994443
76377.6 89973282.0701625 -926.342610261996
76464 89893246.0686359 -930.591678757719
76550.4 89812842.9475912 -934.848328250026
76636.8 89732072.0520304 -939.112613919103
76723.2 89650932.7221878 -943.384591361621
76809.6 89569424.2934942 -947.664316595507
76896 89487546.0965403 -951.951846064782
76982.4 89405297.4570403 -956.247236644461
77068.8 89322677.6957943 -960.550545645529
77155.2 89239686.1286505 -964.861830819966
77241.6 89156322.0664676 -969.181150365858
77328 89072584.815076 -973.508562932567
77414.4 88988473.6752387 -977.844127625973
77500.8 88903987.9426118 -982.18790401379
77587.2 88819126.907705 -986.539952130952
77673.6 88733889.8558409 -990.900332485077
77760 88648276.0671142 -995.269106062
77846.4 88562284.8163504 -999.646334331387
77932.7999999999 88475915.3730642 -1004.03207925243
78019.1999999999 88389167.0014168 -1008.4264032796
78105.5999999999 88302038.9601734 -1012.82936936853
78191.9999999999 88214530.50266 -1017.24104098191
78278.3999999999 88126640.8767191 -1021.66148209552
78364.7999999999 88038369.3246661 -1026.09075720435
78451.1999999999 87949715.0832436 -1030.52893132873
78537.5999999999 87860677.3835768 -1034.97607002067
78623.9999999999 87771255.4511271 -1039.43223937016
78710.3999999999 87681448.5056455 -1043.89750601168
78796.7999999999 87591255.7611261 -1048.37193713069
78883.1999999999 87500676.425758 -1052.85560047032
78969.5999999999 87409709.7018773 -1057.34856433806
79055.9999999999 87318354.7859185 -1061.85089761263
79142.3999999999 87226610.8683648 -1066.36266975087
79228.7999999999 87134477.1336983 -1070.88395079481
79315.1999999999 87041952.7603496 -1075.41481137876
79401.5999999998 86949036.9206465 -1079.95532273657
79487.9999999998 86855728.7807621 -1084.505556709
79574.3999999998 86762027.5006624 -1089.06558575111
79660.7999999998 86667932.2340535 -1093.63548293985
79747.1999999998 86573442.1283275 -1098.21532198174
79833.5999999998 86478556.3245083 -1102.80517722065
79919.9999999998 86383273.9571964 -1107.40512364567
80006.3999999998 86287594.1545134 -1112.01523689917
80092.7999999998 86191516.0380453 -1116.63559328491
80179.1999999998 86095038.7227855 -1121.26626977632
80265.5999999998 85998161.3170769 -1125.90734402486
80351.9999999998 85900882.9225531 -1130.55889436853
80438.3999999998 85803202.6340797 -1135.22099984055
80524.7999999998 85705119.5396934 -1139.89374017808
80611.1999999998 85606632.7205421 -1144.57719583113
80697.5999999998 85507741.2508222 -1149.27144797164
80783.9999999998 85408444.1977175 -1153.9765785026
80870.3999999997 85308740.6213349 -1158.69267006741
80956.7999999997 85208629.5746411 -1163.41980605932
81043.1999999997 85108110.1033975 -1168.15807063106
81129.5999999997 85007181.246095 -1172.90754870457
81215.9999999997 84905842.0338869 -1177.66832598092
81302.3999999997 84804091.4905222 -1182.44048895039
81388.7999999997 84701928.6322769 -1187.22412490265
81475.1999999997 84599352.4678853 -1192.0193219372
81561.5999999997 84496361.9984699 -1196.82616897384
81647.9999999997 84392956.2174706 -1201.64475576345
81734.3999999997 84289134.1105726 -1206.47517289884
81820.7999999997 84184894.6556342 -1211.31751182581
81907.1999999997 84080236.8226124 -1216.17186485437
81993.5999999997 83975159.573489 -1221.03832517016
82079.9999999997 83869661.8621943 -1225.91698684603
82166.3999999997 83763742.6345308 -1230.80794485385
82252.7999999997 83657400.8280954 -1235.71129507645
82339.1999999996 83550635.3722008 -1240.6271343198
82425.5999999996 83443445.1877956 -1245.55556032537
82511.9999999996 83335829.1873835 -1250.49667178266
82598.3999999996 83227786.2749414 -1255.45056834205
82684.7999999996 83119315.3458367 -1260.41735062768
82771.1999999996 83010415.2867424 -1265.39712025073
82857.5999999996 82901084.9755528 -1270.38997982277
82943.9999999996 82791323.2812961 -1275.3960329694
83030.3999999996 82681129.0640475 -1280.41538434416
83116.7999999996 82570501.1748402 -1285.44813964256
83203.1999999996 82459438.4555751 -1290.49440561644
83289.5999999996 82347939.7389298 -1295.55429008852
83375.9999999996 82236003.8482662 -1300.62790196724
83462.3999999996 82123629.5975362 -1305.71535126178
83548.7999999996 82010815.7911872 -1310.81674909742
83635.1999999996 81897561.2240652 -1315.93220773112
83721.5999999996 81783864.6813172 -1321.06184056732
83807.9999999995 81669724.9382922 -1326.2057621741
83894.3999999995 81555140.7604403 -1331.36408829957
83980.7999999995 81440110.9032113 -1336.53693588854
84067.1999999995 81324634.1119505 -1341.72442309947
84153.5999999995 81208709.1217947 -1346.92666932177
84239.9999999995 81092334.6575653 -1352.14379519332
84326.3999999995 80975509.4336606 -1357.37592261836
84412.7999999995 80858232.1539464 -1362.6231747857
84499.1999999995 80740501.5116449 -1367.88567618715
84585.5999999995 80622316.1892223 -1373.16355263641
84671.9999999995 80503674.8582745 -1378.45693128824
84758.3999999995 80384576.1794112 -1383.7659406579
84844.7999999995 80265018.8021384 -1389.09071064108
84931.1999999995 80145001.364739 -1394.43137253404
85017.5999999995 80024522.494152 -1399.78805905425
85103.9999999995 79903580.8058497 -1405.16090436125
85190.3999999995 79782174.9037129 -1410.55004407807
85276.7999999994 79660303.3799046 -1415.95561531284
85363.1999999994 79537964.8147416 -1421.37775668098
85449.5999999994 79415157.7765643 -1426.81660832765
85535.9999999994 79291880.8216048 -1432.2723119507
85622.3999999994 79168132.4938523 -1437.74501082402
85708.7999999994 79043911.3249171 -1443.2348498213
85795.1999999994 78919215.8338925 -1448.74197544026
85881.5999999994 78794044.5272145 -1454.26653582732
85967.9999999994 78668395.898519 -1459.80868080271
86054.3999999994 78542268.4284976 -1465.36856188612
86140.7999999994 78415660.5847507 -1470.94633232273
86227.1999999994 78288570.821638 -1476.54214710981
86313.5999999994 78160997.5801277 -1482.15616302383
86399.9999999994 78032939.2876425 -1487.788538648
