0 6378000 11065.7122803808
43.2 6856038.77051245 10642.4406135037
86.4 7315792.20501581 10276.1367850118
129.6 7759721.31412832 9954.42644800282
172.8 8189752.53668204 9668.47306843153
216 8607430.57323828 9411.76137032478
259.2 9014018.66443631 9179.3593547665
302.4 9410566.98856223 8967.45017837305
345.6 9797960.83626794 8773.02397103135
388.8 10176955.4718165 8593.66847181163
432 10548201.9497988 8427.42291348434
475.2 10912266.6196613 8272.67363749982
518.4 11269646.1208013 8128.07797906675
561.6 11620779.089497 7992.50775316244
604.8 11966055.4244336 7865.00661285181
648 12305823.7101088 7744.75740715438
691.2 12640397.2300978 7631.05686645398
734.4 12970058.8867287 7523.29573781925
777.6 13295065.2626024 7420.94302876844
820.8 13615650.0014452 7323.53338652873
864 13932026.6437433 7230.65689734938
907.2 14244391.0217088 7141.95077310673
950.4 14552923.295107 7057.09252384284
993.6 14857789.692137 6975.79431061578
1036.8 15159144.0063556 6897.79824361821
1080 15457128.8904799 6822.87244312579
1123.2 15751876.9800229 6750.80772044703
1166.4 16043511.8735463 6681.41476615541
1209.6 16332148.9914442 6614.52175597657
1252.8 16617896.3313024 6549.97230256061
1296 16900855.134773 6487.62369528731
1339.2 17181120.4784094 6427.34538117944
1382.4 17458781.7988763 6369.017648638
1425.6 17733923.3612975 6312.53048258727
1468.8 18006624.6781453 6257.78256512215
1512 18276960.8849585 6204.68040018246
1555.2 18545003.0782464 6153.13754436938
1598.4 18810818.6201632 6103.07392894138
1641.6 19074471.4138935 6054.41526041864
1684.8 19336022.1531435 6007.09248919069
1728 19595528.5486766 5961.04133714583
1771.2 19853045.5344413 5916.20187668743
1814.4 20108625.4555142 5872.51815462398
1857.6 20362318.2397939 5829.93785535769
1900.8 20614171.5551454 5788.41199858381
1944 20864230.9534842 5747.89466737602
1987.2 21112540.0031148 5708.34276309398
2030.4 21359140.4104805 5669.71578402483
2073.6 21604072.1323504 5631.97562507495
2116.8 21847373.4793536 5595.08639617406
2160 22089081.2116683 5559.01425734918
2203.2 22329230.6275858 5523.72726868017
2246.4 22567855.6455928 5489.19525356705
2289.6 22804988.8805469 5455.38967392818
2332.8 23040661.7144606 5422.28351611151
2376 23274904.3623566 5389.85118644316
2419.2 23507745.933611 5358.06841546051
2462.4 23739214.4891589 5326.91216998466
2505.6 23969337.0949022 5296.36057228098
2548.8 24198139.8716247 5266.39282563857
2592 24425648.0416923 5236.98914577161
2635.2 24651885.9727896 5208.13069750907
2678.4 24876877.218922 5179.79953629499
2721.6 25100644.55889 5151.97855407103
2764.8 25323210.0324259 5124.65142915626
2808 25544594.9741654 5097.80257977822
2851.2 25764820.0456118 5071.41712094315
2894.4 25983905.2652366 5045.48082436411
2937.6 26201870.0368491 5019.98008119243
2980.8 26418733.1763566 4994.90186732264
3024 26634512.9370249 4970.23371106211
3067.2 26849227.0333428 4945.96366297638
3110.4 27062892.6635834 4922.08026773824
3153.6 27275526.5311497 4898.57253782419
3196.8 27487144.8647837 4875.42992891608
3240 27697763.4377129 4852.64231687785
3283.2 27907397.585802 4830.1999761892
3326.4 28116062.2247734 4808.09355972759
3369.6 28323771.8665536 4786.31407979973
3412.8 28530540.634801 4764.85289033176
3456 28736382.2796633 4743.70167013488
3499.2 28941310.1918131 4722.85240717019
3542.4 29145337.4158029 4702.29738374253
3585.59999999999 29348476.6627805 4682.02916255883
3628.79999999999 29550740.3226031 4662.04057359177
3671.99999999999 29752140.4753822 4642.32470169376
3715.19999999999 29952688.9024954 4622.87487491113
3758.39999999999 30152397.0970916 4603.68465345179
3801.59999999999 30351276.2741207 4584.7478192634
3844.79999999999 30549337.3799129 4566.05836618239
3887.99999999999 30746591.101332 4547.61049061691
3931.19999999999 30943047.8745266 4529.39858272976
3974.39999999999 31138717.8933005 4511.41721808964
4017.59999999999 31333611.117122 4493.66114976156
4060.79999999999 31527737.2787917 4476.12530080905
4103.99999999999 31721105.8917867 4458.80475718309
4147.19999999999 31913726.257297 4441.69476097421
4190.39999999999 32105607.4709711 4424.79070400587
4233.59999999999 32296758.4293841 4408.08812174892
4276.79999999999 32487187.8362437 4391.58268753803
4319.99999999999 32676904.2083453 4375.27020707261
4363.19999999999 32865915.8812908 4359.14661318563
4406.39999999999 33054231.0149805 4343.20796086495
4449.59999999999 33241857.5988898 4327.45042251292
4492.79999999999 33428803.4571424 4311.87028343064
4535.99999999999 33615076.2533866 4296.46393751456
4579.19999999999 33800683.4954872 4281.22788315338
4622.39999999999 33985632.5400394 4266.15871931457
4665.59999999999 34169930.5967138 4251.25314180986
4708.79999999999 34353584.73244 4236.50793973036
4751.99999999999 34536601.8754364 4221.91999204198
4795.19999999999 34718988.8190926 4207.48626433286
4838.39999999999 34900752.2257118 4193.20380570456
4881.59999999999 35081898.6301182 4179.06974579985
4924.79999999999 35262434.4431367 4165.08129195969
4967.99999999999 35442365.9549494 4151.23572650298
5011.19999999999 35621699.3383343 4137.53040412282
5054.39999999999 35800440.6517924 4123.96274939326
5097.59999999999 35978595.8425662 4110.53025438119
5140.79999999999 36156170.7495555 4097.23047635802
5183.99999999999 36333171.1061342 4084.06103560621
5227.19999999999 36509602.5428723 4071.01961331617
5270.39999999999 36685470.5901676 4058.10394956897
5313.59999999999 36860780.680789 4045.31184140078
5356.79999999999 37035538.1523375 4032.64114094521
5399.99999999999 37209748.2496263 4020.08975364971
5443.19999999999 37383416.126984 4007.65563656271
5486.39999999999 37556546.8504835 3995.33679668803
5529.59999999999 37729145.4001004 3983.13128940357
5572.79999999999 37901216.6718027 3971.03721694122
5615.99999999999 38072765.4795745 3959.05272692525
5659.19999999999 38243796.5573777 3947.17601096656
5702.39999999999 38414314.5610515 3935.40530331012
5745.59999999999 38584324.0701545 3923.73887953343
5788.79999999999 38753829.5897503 3912.17505529353
5831.99999999999 38922835.552139 3900.71218512063
5875.19999999999 39091346.3185362 3889.34866125604
5918.39999999999 39259366.1807024 3878.0829125328
5961.59999999998 39426899.3625239 3866.91340329687
6004.79999999998 39593950.0215463 3855.83863236737
6047.99999999998 39760522.2504646 3844.85713203399
6091.19999999998 39926620.0785684 3833.96746709022
6134.39999999998 40092247.4731467 3823.1682339007
6177.59999999998 40257408.3408512 3812.45805950141
6220.79999999998 40422106.5290217 3801.83560073119
6263.99999999998 40586345.8269733 3791.29954339349
6307.19999999998 40750129.9672479 3780.8486014469
6350.39999999998 40913462.6268304 3770.48151622347
6393.59999999998 41076347.4283312 3760.19705567357
6436.79999999998 41238787.9411363 3749.99401363629
6479.99999999998 41400787.6825254 3739.87120913433
6523.19999999998 41562350.11876 3729.82748569245
6566.39999999998 41723478.6661419 3719.86171067849
6609.59999999998 41884176.6920433 3709.97277466612
6652.79999999998 42044447.5159088 3700.15959081845
6695.99999999998 42204294.4102322 3690.42109429174
6739.19999999998 42363720.6015056 3680.75624165832
6782.39999999998 42522729.2711452 3671.16401034819
6825.59999999998 42681323.5563923 3661.64339810835
6868.79999999998 42839506.5511906 3652.19342247938
6911.99999999998 42997281.3070417 3642.81312028848
6955.19999999998 43154650.8338381 3633.50154715853
6998.39999999998 43311618.1006754 3624.25777703235
7041.59999999998 43468186.0366432 3615.08090171182
7084.79999999998 43624357.5315971 3605.97003041115
7127.99999999998 43780135.4369109 3596.92428932388
7171.19999999998 43935522.5662097 3587.94282120308
7214.39999999998 44090521.6960857 3579.02478495425
7257.59999999998 44245135.5667957 3570.16935524054
7300.79999999998 44399366.8829421 3561.37572209973
7343.99999999998 44553218.3141368 3552.6430905727
7387.19999999998 44706692.4956495 3543.97068034288
7430.39999999998 44859792.0290403 3535.35772538628
7473.59999999998 45012519.482777 3526.80347363187
7516.79999999998 45164877.3928379 3518.30718663177
7559.99999999998 45316868.2633004 3509.86813924105
7603.19999999998 45468494.5669156 3501.48561930674
7646.39999999998 45619758.7456697 3493.15892736578
7689.59999999998 45770663.2113319 3484.88737635156
7732.79999999998 45921210.3459903 3476.67029130875
7775.99999999998 46071402.5025748 3468.5070091163
7819.19999999998 46221242.0053686 3460.39687821806
7862.39999999998 46370731.1505077 3452.33925836101
7905.59999999998 46519872.2064689 3444.33352034075
7948.79999999998 46668667.4145476 3436.37904575399
7991.99999999998 46817118.9893241 3428.47522675789
8035.19999999998 46965229.1191201 3420.62146583592
8078.39999999998 47112999.9664442 3412.81717557014
8121.59999999998 47260433.6684288 3405.0617784196
8164.79999999998 47407532.3372566 3397.35470650475
8207.99999999998 47554298.0605776 3389.69540139759
8251.19999999998 47700732.9019179 3382.08331391742
8294.39999999998 47846838.9010792 3374.51790393202
8337.59999999998 47992618.074529 3366.99864016405
8380.79999999998 48138072.4157841 3359.52500000256
8423.99999999998 48283203.8957842 3352.09646931942
8467.19999999998 48428014.4632588 3344.71254229048
8510.39999999998 48572506.0450858 3337.37272122145
8553.59999999998 48716680.5466425 3330.07651637813
8596.79999999998 48860539.8521501 3322.82344582112
8639.99999999998 49004085.8250095 3315.61303524467
8683.19999999998 49147320.3081321 3308.44481781961
8726.39999999999 49290245.1242619 3301.31833404031
8769.59999999999 49432862.0762925 3294.23313157542
8812.79999999999 49575172.9475765 3287.18876512239
8855.99999999999 49717179.5022298 3280.18479626556
8899.19999999999 49858883.4854285 3273.22079333784
8942.39999999999 50000286.6237007 3266.29633128573
8985.59999999999 50141390.6252122 3259.4109915377
9028.79999999999 50282197.1800466 3252.56436187576
9071.99999999999 50422707.9604797 3245.75603631016
9115.19999999999 50562924.6212483 3238.98561495714
9158.39999999999 50702848.7998144 3232.25270391961
9201.59999999999 50842482.1166238 3225.55691517068
9244.79999999999 50981826.1753591 3218.89786644
9287.99999999999 51120882.5631893 3212.27518110282
9331.2 51259652.851013 3205.68848807157
9374.4 51398138.5936977 3199.13742169014
9417.6 51536341.3303147 3192.62162163056
9460.8 51674262.5843691 3186.14073279207
9504 51811903.8640257 3179.6944052026
9547.2 51949266.6623305 3173.28229392251
9590.4 52086352.4574279 3166.90405895049
9633.6 52223162.7127746 3160.55936513173
9676.8 52359698.8773483 3154.24788206811
9720 52495962.3858536 3147.96928403044
9763.2 52631954.6589238 3141.7232498727
9806.4 52767677.1033183 3135.50946294822
9849.6 52903131.1121176 3129.32761102777
9892.8 53038318.064914 3123.17738621939
9936.00000000001 53173239.3279987 3117.05848489011
9979.20000000001 53307896.254546 3110.97060758935
10022.4 53442290.1847938 3104.91345897403
10065.6 53576422.4462215 3098.8867477353
10108.8 53710294.3537237 3092.89018652693
10152 53843907.2097816 3086.92349189519
10195.2 53977262.3046315 3080.98638421035
10238.4 54110360.9164294 3075.07858759954
10281.6 54243204.3114137 3069.19982988114
10324.8 54375793.7440645 3063.34984250059
10368 54508130.4572606 3057.52836046751
10411.2 54640215.6824328 3051.7351222942
10454.4 54772050.6397159 3045.96986993544
10497.6 54903636.5380971 3040.23234872952
10540.8 55034974.5755622 3034.5223073406
10584 55166065.9392393 3028.83949770218
10627.2 55296911.80554 3023.18367496181
10670.4 55427513.3402984 3017.55459742693
10713.6 55557871.6989072 3011.95202651183
10756.8 55687988.0264525 3006.37572668571
10800 55817863.4578454 3000.82546542181
10843.2 55947499.1179516 2995.30101314754
10886.4 56076896.1217196 2989.80214319572
10929.6 56206055.5743056 2984.3286317567
10972.8 56334978.5711975 2978.88025783153
11016 56463666.1983358 2973.45680318604
11059.2 56592119.5322335 2968.05805230582
11102.4 56720339.6400931 2962.68379235217
11145.6 56848327.5799227 2957.33381311885
11188.8 56976084.4006494 2952.00790698972
11232 57103611.1422314 2946.70586889726
11275.2 57230908.8357677 2941.42749628181
11318.4 57357978.5036071 2936.17258905172
11361.6 57484821.1594542 2930.94094954419
11404.8 57611437.8084745 2925.73238248693
11448 57737829.4473979 2920.54669496054
11491.2 57863997.0646202 2915.3836963616
11534.4 57989941.640303 2910.24319836653
11577.6 58115664.1464724 2905.12501489609
11620.8 58241165.547116 2900.02896208055
11664 58366446.7982778 2894.95485822559
11707.2 58491508.8481532 2889.90252377879
11750.4 58616352.6371804 2884.87178129677
11793.6 58740979.0981324 2879.86245541294
11836.8 58865389.1562063 2874.8743728059
11880 58989583.7291115 2869.90736216836
11923.2 59113563.7271572 2864.96125417671
11966.4 59237330.0533376 2860.03588146111
12009.6 59360883.6034167 2855.13107857614
12052.8 59484225.2660112 2850.24668197202
12096 59607355.9226724 2845.38252996634
12139.2 59730276.447967 2840.53846271628
12182.4 59852987.7095563 2835.71432219139
12225.6 59975490.568275 2830.90995214685
12268.8 60097785.8782077 2826.12519809718
12312 60219874.4867655 2821.35990729047
12355.2 60341757.2347605 2816.61392868305
12398.4 60463434.9564796 2811.88711291464
12441.6 60584908.4797575 2807.17931228389
12484.8 60706178.6260482 2802.49038072442
12528 60827246.2104954 2797.82017378125
12571.2 60948112.0420028 2793.16854858766
12614.4000000001 61068776.9233018 2788.53536384246
12657.6000000001 61189241.6510198 2783.92047978764
12700.8000000001 61309507.0157466 2779.32375818644
12744.0000000001 61429573.8021003 2774.74506230178
12787.2000000001 61549442.7887917 2770.18425687509
12830.4000000001 61669114.7486887 2765.64120810548
12873.6000000001 61788590.4488789 2761.11578362931
12916.8000000001 61907870.6507316 2756.60785250004
12960.0000000001 62026956.1099596 2752.11728516853
13003.2000000001 62145847.5766789 2747.64395346358
13046.4000000001 62264545.7954686 2743.18773057287
13089.6000000001 62383051.5054293 2738.74849102419
13132.8000000001 62501365.4402416 2734.32611066698
13176.0000000001 62619488.3282224 2729.92046665424
13219.2000000001 62737420.8923818 2725.53143742466
13262.4000000001 62855163.8504786 2721.15890268514
13305.6000000001 62972717.9150746 2716.80274339352
13348.8000000001 63090083.7935892 2712.46284174167
13392.0000000001 63207262.1883524 2708.1390811388
13435.2000000001 63324253.7966576 2703.8313461951
13478.4000000001 63441059.3108132 2699.53952270561
13521.6000000001 63557679.4181941 2695.2634976344
13564.8000000001 63674114.8012919 2691.00315909895
13608.0000000001 63790366.137765 2686.75839635482
13651.2000000001 63906434.1004875 2682.52909978062
13694.4000000001 64022319.357598 2678.31516086311
13737.6000000001 64138022.5725473 2674.11647218266
13780.8000000001 64253544.4041456 2669.93292739886
13824.0000000001 64368885.5066092 2665.76442123641
13867.2000000001 64484046.5296067 2661.61084947121
13910.4000000001 64599028.1183038 2657.47210891672
13953.6000000001 64713830.913409 2653.34809741045
13996.8000000001 64828455.5512171 2649.23871380077
14040.0000000001 64942902.6636533 2645.14385793385
14083.2000000001 65057172.8783161 2641.06343064085
14126.4000000001 65171266.8185198 2636.99733372527
14169.6000000001 65285185.1033367 2632.9454699506
14212.8000000001 65398928.3476386 2628.907743028
14256.0000000001 65512497.1621374 2624.88405760434
14299.2000000001 65625892.1534259 2620.87431925031
14342.4000000001 65739113.9240175 2616.87843444877
14385.6000000001 65852163.0723857 2612.89631058327
14428.8000000001 65965040.1930029 2608.92785592677
14472.0000000001 66077745.8763789 2604.97297963045
14515.2000000001 66190280.7090989 2601.03159171281
14558.4000000001 66302645.2738609 2597.10360304887
14601.6000000001 66414840.1495126 2593.18892535951
14644.8000000001 66526865.9110882 2589.28747120105
14688.0000000001 66638723.1298441 2585.39915395494
14731.2000000001 66750412.3732949 2581.52388781758
14774.4000000001 66861934.2052486 2577.66158779037
14817.6000000001 66973289.1858412 2573.81216966984
14860.8000000001 67084477.8715709 2569.97555003798
14904.0000000001 67195500.8153325 2566.15164625264
14947.2000000001 67306358.5664507 2562.3403764382
14990.4000000001 67417051.6707128 2558.54165947625
15033.6000000001 67527580.6704022 2554.75541499647
15076.8000000001 67637946.10433 2550.98156336764
15120.0000000001 67748148.5078675 2547.22002568881
15163.2000000001 67858188.4129772 2543.47072378051
15206.4000000001 67968066.3482446 2539.73358017622
15249.6000000001 68077782.8389082 2536.00851811385
15292.8000000001 68187338.4068907 2532.29546152738
15336.0000000001 68296733.5708287 2528.59433503869
15379.2000000001 68405968.8461024 2524.90506394939
15422.4000000001 68515044.744865 2521.22757423285
15465.6000000001 68623961.7760718 2517.56179252634
15508.8000000001 68732720.445509 2513.90764612326
15552.0000000001 68841321.2558215 2510.26506296547
15595.2000000001 68949764.7065416 2506.63397163578
15638.4000000001 69058051.2941163 2503.01430135049
15681.6000000001 69166181.5119346 2499.40598195209
15724.8000000001 69274155.8503549 2495.80894390201
15768.0000000001 69381974.7967315 2492.22311827353
15811.2000000001 69489638.8354409 2488.64843674475
15854.4000000001 69597148.4479083 2485.08483159163
15897.6000000001 69704504.112633 2481.53223568125
15940.8000000001 69811706.3052145 2477.99058246501
15984.0000000001 69918755.498377 2474.45980597204
16027.2000000001 70025652.1619949 2470.93984080264
16070.4000000001 70132396.7631176 2467.43062212183
16113.6000000001 70238989.7659933 2463.93208565302
16156.8000000001 70345431.6320935 2460.44416767169
16200.0000000001 70451722.8201369 2456.96680499925
16243.2000000001 70557863.7861129 2453.49993499694
16286.4000000001 70663854.9833047 2450.04349555977
16329.6000000001 70769696.8623129 2446.59742511064
16372.8000000001 70875389.8710777 2443.16166259446
16416.0000000001 70980934.4549018 2439.73614747238
16459.2000000001 71086331.0564726 2436.32081971612
16502.4000000001 71191580.1158843 2432.91561980231
16545.6000000001 71296682.0706598 2429.520488707
16588.8000000001 71401637.3557719 2426.13536790017
16632.0000000001 71506446.4036652 2422.76019934034
16675.2000000001 71611109.6442767 2419.39492546923
16718.4000000001 71715627.505057 2416.03948920658
16761.6000000001 71820000.4109907 2412.69383394489
16804.8000000001 71924228.7846171 2409.35790354438
16848.0000000001 72028313.0460502 2406.03164232788
16891.2000000001 72132253.6129988 2402.71499507594
16934.4000000001 72236050.9007861 2399.40790702186
16977.6000000001 72339705.3223694 2396.11032384686
17020.8000000001 72443217.2883596 2392.82219167532
17064.0000000001 72546587.20704 2389.54345707003
17107.2000000001 72649815.4843854 2386.27406702758
17150.4000000001 72752902.524081 2383.01396897374
17193.6000000001 72855848.7275406 2379.76311075892
17236.8000000001 72958654.4939254 2376.5214406537
17280.0000000001 73061320.2201617 2373.28890734443
17323.2000000001 73163846.3009589 2370.06545992886
17366.4000000001 73266233.1288279 2366.85104791181
17409.6000000001 73368481.0940977 2363.64562120098
17452.8000000001 73470590.5849335 2360.4491301027
17496.0000000001 73572561.987354 2357.26152531783
17539.2000000001 73674395.6852477 2354.08275793765
17582.4000000001 73776092.0603906 2350.91277943983
17625.6000000001 73877651.4924624 2347.75154168445
17668.8000000001 73979074.3590632 2344.59899691008
17712.0000000001 74080361.0357297 2341.45509772987
17755.2000000001 74181511.8959516 2338.31979712774
17798.4000000001 74282527.3111875 2335.19304845458
17841.6000000001 74383407.6508808 2332.07480542452
17884.8000000001 74484153.2824751 2328.96502211124
17928.0000000001 74584764.5714303 2325.86365294431
17971.2000000001 74685241.8812375 2322.77065270562
18014.4000000001 74785585.5734344 2319.68597652579
18057.6000000001 74885796.0076203 2316.6095798807
18100.8000000001 74985873.5414712 2313.54141858797
18144.0000000001 75085818.5307541 2310.4814488036
18187.2000000001 75185631.3293425 2307.42962701853
18230.4000000001 75285312.2892297 2304.38591005535
18273.6000000001 75384861.7605441 2301.35025506494
18316.8000000001 75484280.0915629 2298.32261952329
18360.0000000001 75583567.6287263 2295.30296122822
18403.2000000001 75682724.7166513 2292.2912382962
18446.4000000001 75781751.6981457 2289.28740915926
18489.6000000001 75880648.9142214 2286.29143256183
18532.8000000001 75979416.7041081 2283.30326755773
18576.0000000001 76078055.4052666 2280.32287350709
18619.2000000001 76176565.3534021 2277.35021007337
18662.4000000002 76274946.8824773 2274.38523722046
18705.6000000002 76373200.3247252 2271.42791520966
18748.8000000002 76471326.0106622 2268.47820459689
18792.0000000002 76569324.2691008 2265.53606622977
18835.2000000002 76667195.427162 2262.60146124487
18878.4000000002 76764939.8102877 2259.67435106485
18921.6000000002 76862557.7422538 2256.75469739576
18964.8000000002 76960049.5451812 2253.84246222433
19008.0000000002 77057415.5395493 2250.93760781524
19051.2000000002 77154656.0442069 2248.04009670851
19094.4000000002 77251771.3763848 2245.14989171684
19137.6000000002 77348761.8517069 2242.26695592305
19180.8000000002 77445627.7842028 2239.39125267751
19224.0000000002 77542369.4863185 2236.52274559559
19267.2000000002 77638987.2689282 2233.66139855518
19310.4000000002 77735481.4413458 2230.80717569419
19353.6000000002 77831852.3113358 2227.96004140815
19396.8000000002 77928100.1851246 2225.11996034776
19440.0000000002 78024225.3674116 2222.2868974165
19483.2000000002 78120228.16138 2219.46081776827
19526.4000000002 78216108.8687076 2216.6416868051
19569.6000000002 78311867.7895776 2213.82947017477
19612.8000000002 78407505.2226891 2211.02413376859
19656.0000000002 78503021.4652679 2208.22564371912
19699.2000000002 78598416.8130766 2205.43396639795
19742.4000000002 78693691.560425 2202.64906841347
19785.6000000002 78788846.0001805 2199.87091660875
19828.8000000002 78883880.423778 2197.09947805931
19872.0000000002 78978795.1212301 2194.33472007106
19915.2000000002 79073590.3811372 2191.57661017816
19958.4000000002 79168266.4906969 2188.82511614093
20001.6000000002 79262823.7357142 2186.08020594384
20044.8000000002 79357262.4006109 2183.3418477934
20088.0000000002 79451582.7684356 2180.61001011623
20131.2000000002 79545785.1208726 2177.88466155699
20174.4000000002 79639869.7382519 2175.16577097648
20217.6000000002 79733836.8995581 2172.45330744965
20260.8000000002 79827686.8824399 2169.74724026372
20304.0000000002 79921419.9632193 2167.04753891621
20347.2000000002 80015036.4169005 2164.35417311312
20390.4000000002 80108536.517179 2161.66711276706
20433.6000000002 80201920.5364505 2158.98632799535
20476.8000000002 80295188.7458199 2156.3117891183
20520.0000000002 80388341.4151098 2153.64346665731
20563.2000000002 80481378.8128694 2150.98133133317
20606.4000000002 80574301.206383 2148.32535406423
20649.6000000002 80667108.8616786 2145.67550596472
20692.8000000002 80759802.0435363 2143.03175834297
20736.0000000002 80852381.0154967 2140.39408269976
20779.2000000002 80944846.0398693 2137.76245072657
20822.4000000002 81037197.3777407 2135.136834304
20865.6000000002 81129435.2889826 2132.51720550001
20908.8000000002 81221560.0322602 2129.90353656839
20952.0000000002 81313571.86504 2127.29579994709
20995.2000000002 81405471.0435977 2124.69396825662
21038.4000000002 81497257.8230264 2122.0980142985
21081.6000000002 81588932.4572441 2119.50791105367
21124.8000000002 81680495.1990016 2116.92363168095
21168.0000000002 81771946.2998902 2114.34514951554
21211.2000000002 81863286.0103493 2111.77243806743
21254.4000000002 81954514.5796738 2109.20547102
21297.6000000002 82045632.2560218 2106.64422222846
21340.8000000002 82136639.2864221 2104.08866571842
21384.0000000002 82227535.9167811 2101.53877568442
21427.2000000002 82318322.3918907 2098.99452648851
21470.4000000002 82408998.955435 2096.45589265882
21513.6000000002 82499565.8499979 2093.92284888817
21556.8000000002 82590023.3170698 2091.39537003265
21600.0000000002 82680371.5970552 2088.87343111026
21643.2000000002 82770610.9292792 2086.35700729954
21686.4000000002 82860741.5519945 2083.84607393824
21729.6000000002 82950763.7023887 2081.34060652196
21772.8000000002 83040677.6165904 2078.84058070284
21816.0000000002 83130483.5296768 2076.34597228828
21859.2000000002 83220181.6756797 2073.85675723957
21902.4000000002 83309772.2875924 2071.37291167071
21945.6000000002 83399255.5973766 2068.89441184705
21988.8000000002 83488631.8359684 2066.42123418411
22032.0000000002 83577901.2332851 2063.95335524628
22075.2000000002 83667064.0182317 2061.49075174564
22118.4000000002 83756120.4187072 2059.0334005407
22161.6000000002 83845070.6616105 2056.58127863523
22204.8000000002 83933914.9728476 2054.13436317705
22248.0000000002 84022653.5773368 2051.69263145685
22291.2000000002 84111286.6990157 2049.25606090703
22334.4000000002 84199814.5608469 2046.82462910054
22377.6000000002 84288237.3848241 2044.39831374974
22420.8000000002 84376555.3919781 2041.97709270525
22464.0000000002 84464768.8023829 2039.56094395485
22507.2000000002 84552877.8351618 2037.14984562236
22550.4000000002 84640882.7084927 2034.74377596654
22593.6000000002 84728783.6396144 2032.34271338001
22636.8000000002 84816580.8448324 2029.94663638814
22680.0000000002 84904274.5395244 2027.55552364804
22723.2000000002 84991864.938146 2025.16935394745
22766.4000000002 85079352.2542365 2022.78810620371
22809.6000000002 85166736.7004245 2020.41175946276
22852.8000000002 85254018.4884333 2018.04029289805
22896.0000000002 85341197.8290865 2015.67368580958
22939.2000000002 85428274.9323135 2013.31191762286
22982.4000000002 85515250.0071548 2010.95496788793
23025.6000000002 85602123.2617675 2008.60281627839
23068.8000000002 85688894.9034308 2006.25544259039
23112.0000000002 85775565.1385507 2003.91282674167
23155.2000000002 85862134.1726659 2001.57494877063
23198.4000000002 85948602.2104528 1999.24178883535
23241.6000000002 86034969.4557305 1996.91332721267
23284.8000000002 86121236.1114661 1994.58954429727
23328.0000000002 86207402.3797797 1992.2704206007
23371.2000000002 86293468.4619497 1989.95593675054
23414.4000000002 86379434.5584173 1987.64607348943
23457.6000000002 86465300.868792 1985.34081167421
23500.8000000002 86551067.5918564 1983.04013227505
23544.0000000002 86636734.9255706 1980.74401637452
23587.2000000002 86722303.067078 1978.45244516679
23630.4000000002 86807772.2127092 1976.16539995668
23673.6000000002 86893142.5579873 1973.8828621589
23716.8000000002 86978414.2976326 1971.60481329716
23760.0000000002 87063587.625567 1969.33123500332
23803.2000000002 87148662.7349192 1967.06210901659
23846.4000000002 87233639.8180287 1964.79741718269
23889.6000000002 87318519.066451 1962.53714145306
23932.8000000002 87403300.6709618 1960.28126388403
23976.0000000002 87487984.8215616 1958.02976663603
24019.2000000002 87572571.7074802 1955.78263197281
24062.4000000002 87657061.5171815 1953.53984226063
24105.6000000002 87741454.4383671 1951.30137996753
24148.8000000002 87825750.6579817 1949.06722766251
24192.0000000002 87909950.3622167 1946.8373680148
24235.2000000002 87994053.736515 1944.61178379312
24278.4000000002 88078060.9655748 1942.39045786487
24321.6000000002 88161972.2333546 1940.17337319548
24364.8000000002 88245787.7230766 1937.96051284759
24408.0000000002 88329507.6172317 1935.75185998037
24451.2000000002 88413132.0975828 1933.54739784881
24494.4000000002 88496661.3451699 1931.34710980296
24537.6000000002 88580095.5403134 1929.15097928727
24580.8000000003 88663434.8626186 1926.95898983987
24624.0000000003 88746679.4909797 1924.77112509187
24667.2000000003 88829829.6035836 1922.58736876668
24710.4000000003 88912885.3779143 1920.40770467934
24753.6000000003 88995846.9907565 1918.23211673581
24796.8000000003 89078714.6181995 1916.06058893234
24840.0000000003 89161488.4356413 1913.89310535479
24883.2000000003 89244168.6177927 1911.72965017797
24926.4000000003 89326755.3386804 1909.570207665
24969.6000000003 89409248.7716515 1907.41476216664
25012.8000000003 89491649.0893771 1905.26329812069
25056.0000000003 89573956.4638559 1903.11580005132
25099.2000000003 89656171.0664181 1900.97225256847
25142.4000000003 89738293.0677291 1898.83264036721
25185.6000000003 89820322.637793 1896.6969482271
25228.8000000003 89902259.9459564 1894.56516101166
25272.0000000003 89984105.1609121 1892.43726366768
25315.2000000003 90065858.4507025 1890.31324122463
25358.4000000003 90147519.9827234 1888.19307879414
25401.6000000003 90229089.9237273 1886.07676156931
25444.8000000003 90310568.4398271 1883.96427482418
25488.0000000003 90391955.6964995 1881.85560391317
25531.2000000003 90473251.8585886 1879.75073427044
25574.4000000003 90554457.0903091 1877.64965140938
25617.6000000003 90635571.5552499 1875.55234092203
25660.8000000003 90716595.4163778 1873.45878847849
25704.0000000003 90797528.83604 1871.36897982641
25747.2000000003 90878371.9759686 1869.28290079043
25790.4000000003 90959124.9972827 1867.20053727161
25833.6000000003 91039788.0604928 1865.1218752469
25876.8000000003 91120361.3255035 1863.04690076863
25920.0000000003 91200844.9516167 1860.97559996396
25963.2000000003 91281239.0975351 1858.90795903435
26006.4000000003 91361543.9213654 1856.84396425504
26049.6000000003 91441759.5806212 1854.78360197454
26092.8000000003 91521886.2322265 1852.72685861411
26136.0000000003 91601924.0325187 1850.67372066727
26179.2000000003 91681873.1372515 1848.62417469926
26222.4000000003 91761733.7015985 1846.5782073466
26265.6000000003 91841505.8801559 1844.53580531652
26308.8000000003 91921189.8269455 1842.49695538652
26352.0000000003 92000785.6954182 1840.46164440388
26395.2000000003 92080293.6384565 1838.42985928517
26438.4000000003 92159713.8083776 1836.40158701575
26481.6000000003 92239046.3569367 1834.37681464934
26524.8000000003 92318291.4353295 1832.35552930751
26568.0000000003 92397449.1941956 1830.33771817923
26611.2000000003 92476519.783621 1828.32336852042
26654.4000000003 92555503.3531411 1826.31246765346
26697.6000000003 92634400.0517437 1824.30500296678
26740.8000000003 92713210.0278718 1822.30096191435
26784.0000000003 92791933.4294266 1820.30033201531
26827.2000000003 92870570.4037696 1818.30310085343
26870.4000000003 92949121.0977265 1816.30925607678
26913.6000000003 93027585.657589 1814.31878539719
26956.8000000003 93105964.2291182 1812.3316765899
27000.0000000003 93184256.9575468 1810.34791749308
27043.2000000003 93262463.9875825 1808.36749600743
27086.4000000003 93340585.46341 1806.39040009576
27129.6000000003 93418621.5286942 1804.41661778254
27172.8000000003 93496572.3265824 1802.44613715353
27216.0000000003 93574437.9997074 1800.47894635534
27259.2000000003 93652218.69019 1798.51503359503
27302.4000000003 93729914.5396413 1796.55438713972
27345.6000000003 93807525.6891657 1794.59699531616
27388.8000000003 93885052.2793634 1792.64284651034
27432.0000000003 93962494.4503326 1790.69192916714
27475.2000000003 94039852.3416726 1788.74423178985
27518.4000000003 94117126.0924859 1786.79974293989
27561.6000000003 94194315.841381 1784.85845123633
27604.8000000003 94271421.7264744 1782.92034535557
27648.0000000003 94348443.8853937 1780.98541403092
27691.2000000003 94425382.4552799 1779.05364605227
27734.4000000003 94502237.5727893 1777.12503026567
27777.6000000003 94579009.3740968 1775.199555573
27820.8000000003 94655697.9948975 1773.27721093158
27864.0000000003 94732303.5704098 1771.3579853538
27907.2000000003 94808826.2353771 1769.4418679068
27950.4000000003 94885266.1240706 1767.52884771206
27993.6000000003 94961623.3702918 1765.61891394509
28036.8000000003 95037898.1073742 1763.71205583504
28080.0000000003 95114090.4681863 1761.8082626644
28123.2000000003 95190200.5851334 1759.90752376858
28166.4000000003 95266228.5901602 1758.00982853566
28209.6000000003 95342174.6147529 1756.11516640596
28252.8000000003 95418038.7899417 1754.22352687176
28296.0000000003 95493821.2463025 1752.33489947694
28339.2000000003 95569522.1139599 1750.44927381667
28382.4000000003 95645141.5225888 1748.56663953705
28425.6000000003 95720679.6014168 1746.68698633479
28468.8000000003 95796136.4792265 1744.81030395691
28512.0000000003 95871512.2843574 1742.9365822004
28555.2000000003 95946807.1447085 1741.06581091187
28598.4000000003 96022021.1877399 1739.19797998731
28641.6000000003 96097154.5404753 1737.3330793717
28684.8000000003 96172207.3295042 1735.47109905872
28728.0000000003 96247179.6809835 1733.61202909048
28771.2000000003 96322071.7206402 1731.75585955714
28814.4000000003 96396883.5737731 1729.90258059667
28857.6000000003 96471615.3652549 1728.05218239453
28900.8000000003 96546267.2195343 1726.20465518333
28944.0000000003 96620839.2606382 1724.3599892426
28987.2000000003 96695331.6121735 1722.51817489844
29030.4000000003 96769744.3973291 1720.67920252324
29073.6000000003 96844077.7388781 1718.84306253542
29116.8000000003 96918331.7591797 1717.0097453991
29160.0000000003 96992506.5801809 1715.17924162384
29203.2000000003 97066602.323419 1713.35154176432
29246.4000000003 97140619.1100233 1711.52663642012
29289.6000000003 97214557.0607166 1709.70451623538
29332.8000000003 97288416.295818 1707.88517189856
29376.0000000003 97362196.935244 1706.06859414214
29419.2000000003 97435899.098511 1704.25477374238
29462.4000000003 97509522.9047366 1702.443701519
29505.6000000003 97583068.4726423 1700.63536833494
29548.8000000003 97656535.9205543 1698.82976509612
29592.0000000003 97729925.3664065 1697.02688275111
29635.2000000003 97803236.9277413 1695.22671229092
29678.4000000003 97876470.7217123 1693.42924474871
29721.6000000003 97949626.8650854 1691.63447119956
29764.8000000003 98022705.4742413 1689.84238276017
29808.0000000003 98095706.6651765 1688.05297058866
29851.2000000003 98168630.5535059 1686.26622588425
29894.4000000003 98241477.2544641 1684.48213988707
29937.6000000003 98314246.8829072 1682.70070387787
29980.8000000003 98386939.5533148 1680.92190917781
30024.0000000003 98459555.3797912 1679.14574714816
30067.2000000003 98532094.476068 1677.37220919012
30110.4000000003 98604556.9555051 1675.60128674452
30153.6000000003 98676942.9310924 1673.83297129162
30196.8000000003 98749252.5154522 1672.06725435085
30240.0000000003 98821485.8208402 1670.30412748058
30283.2000000003 98893642.9591473 1668.54358227789
30326.4000000003 98965724.0419017 1666.78561037832
30369.6000000003 99037729.1802701 1665.03020345567
30412.8000000003 99109658.4850594 1663.27735322175
30456.0000000003 99181512.0667185 1661.52705142612
30499.2000000003 99253290.0353402 1659.77928985593
30542.4000000004 99324992.5006619 1658.03406033566
30585.6000000004 99396619.5720684 1656.29135472687
30628.8000000004 99468171.3585926 1654.55116492805
30672.0000000004 99539647.9689175 1652.81348287431
30715.2000000004 99611049.5113777 1651.07830053726
30758.4000000004 99682376.0939609 1649.34560992469
30801.6000000004 99753627.8243097 1647.61540308046
30844.8000000004 99824804.8097227 1645.88767208418
30888.0000000004 99895907.1571568 1644.16240905111
30931.2000000004 99966934.9732278 1642.43960613184
30974.4000000004 100037888.364213 1640.71925551217
31017.6000000004 100108767.436051 1639.00134941285
31060.8000000004 100179572.294345 1637.28588008939
31104.0000000004 100250303.044365 1635.57283983187
31147.2000000004 100320959.791046 1633.8622209647
31190.4000000004 100391542.638992 1632.15401584647
31233.6000000004 100462051.692476 1630.44821686969
31276.8000000004 100532487.055445 1628.74481646066
31320.0000000004 100602848.831516 1627.04380707921
31363.2000000004 100673137.123982 1625.34518121854
31406.4000000004 100743352.035811 1623.64893140502
31449.6000000004 100813493.669647 1621.95505019799
31492.8000000004 100883562.127816 1620.26353018959
31536.0000000004 100953557.51232 1618.57436400451
31579.2000000004 101023479.924845 1616.8875442999
31622.4000000004 101093329.466759 1615.20306376509
31665.6000000004 101163106.239113 1613.52091512146
31708.8000000004 101232810.342647 1611.84109112221
31752.0000000004 101302441.877783 1610.16358455224
31795.2000000004 101372000.944636 1608.4883882279
31838.4000000004 101441487.643007 1606.81549499687
31881.6000000004 101510902.072391 1605.14489773792
31924.8000000004 101580244.331973 1603.47658936078
31968.0000000004 101649514.520634 1601.81056280594
32011.2000000004 101718712.736947 1600.1468110445
32054.4000000004 101787839.079184 1598.48532707794
32097.6000000004 101856893.645314 1596.82610393802
32140.8000000004 101925876.533004 1595.16913468654
32184.0000000004 101994787.839623 1593.51441241521
32227.2000000004 102063627.662239 1591.86193024548
32270.4000000004 102132396.097625 1590.21168132836
32313.6000000004 102201093.242259 1588.56365884423
32356.8000000004 102269719.192321 1586.91785600273
32400.0000000004 102338274.0437 1585.27426604255
32443.2000000004 102406757.891993 1583.63288223128
32486.4000000004 102475170.832506 1581.99369786525
32529.6000000004 102543512.960253 1580.35670626935
32572.8000000004 102611784.369964 1578.72190079691
32616.0000000004 102679985.156079 1577.0892748295
32659.2000000004 102748115.412751 1575.45882177679
32702.4000000004 102816175.233852 1573.83053507639
32745.6000000004 102884164.712967 1572.20440819371
32788.8000000004 102952083.943401 1570.58043462176
32832.0000000004 103019933.018177 1568.95860788105
32875.2000000004 103087712.030037 1567.3389215194
32918.4000000004 103155421.071447 1565.72136911181
32961.6000000004 103223060.234593 1564.1059442603
33004.8000000004 103290629.611385 1562.49264059376
33048.0000000004 103358129.293458 1560.88145176778
33091.2000000004 103425559.372175 1559.27237146457
33134.4000000004 103492919.938622 1557.66539339272
33177.6000000004 103560211.083617 1556.06051128714
33220.8000000004 103627432.897704 1554.45771890886
33264.0000000004 103694585.471161 1552.85701004489
33307.2000000004 103761668.893995 1551.25837850812
33350.4000000004 103828683.255947 1549.66181813714
33393.6000000003 103895628.64649 1548.06732279609
33436.8000000003 103962505.154835 1546.47488637456
33480.0000000003 104029312.869926 1544.88450278742
33523.2000000003 104096051.880447 1543.29616597471
33566.4000000003 104162722.274817 1541.70986990145
33609.6000000003 104229324.141197 1540.12560855756
33652.8000000003 104295857.567486 1538.54337595771
33696.0000000003 104362322.641328 1536.96316614117
33739.2000000003 104428719.450105 1535.38497317168
33782.4000000003 104495048.080946 1533.80879113734
33825.6000000003 104561308.620723 1532.23461415045
33868.8000000003 104627501.156054 1530.66243634738
33912.0000000003 104693625.773305 1529.09225188848
33955.2000000003 104759682.558586 1527.5240549579
33998.4000000003 104825671.59776 1525.95783976348
34041.6000000003 104891592.976438 1524.39360053665
34084.8000000003 104957446.779981 1522.83133153226
34128.0000000003 105023233.093503 1521.27102702849
34171.2000000003 105088952.001871 1519.71268132669
34214.4000000003 105154603.589704 1518.15628875128
34257.6000000003 105220187.941378 1516.60184364965
34300.8000000003 105285705.141024 1515.04934039198
34344.0000000003 105351155.272529 1513.49877337115
34387.2000000003 105416538.419539 1511.95013700264
34430.4000000003 105481854.665457 1510.40342572436
34473.6000000003 105547104.093449 1508.85863399658
34516.8000000003 105612286.786437 1507.31575630179
34560.0000000003 105677402.827109 1505.77478714456
34603.2000000003 105742452.297914 1504.23572105148
34646.4000000003 105807435.281063 1502.69855257098
34689.6000000003 105872351.858535 1501.16327627326
34732.8000000003 105937202.11207 1499.62988675017
34776.0000000003 106001986.123177 1498.09837861505
34819.2000000003 106066703.973133 1496.56874650269
34862.4000000002 106131355.742982 1495.04098506916
34905.6000000002 106195941.513537 1493.51508899173
34948.8000000002 106260461.365382 1491.99105296875
34992.0000000002 106324915.37887 1490.46887171952
35035.2000000002 106389303.634128 1488.94853998422
35078.4000000002 106453626.211056 1487.43005252376
35121.6000000002 106517883.189325 1485.91340411972
35164.8000000002 106582074.648383 1484.39858957417
35208.0000000002 106646200.667452 1482.88560370966
35251.2000000002 106710261.325532 1481.37444136901
35294.4000000002 106774256.7014 1479.8650974153
35337.6000000002 106838186.873608 1478.35756673169
35380.8000000002 106902051.920491 1476.85184422137
35424.0000000002 106965851.920161 1475.34792480741
35467.2000000002 107029586.950513 1473.84580343271
35510.4000000002 107093257.089221 1472.34547505985
35553.6000000002 107156862.413744 1470.846934671
35596.8000000002 107220403.001321 1469.35017726786
35640.0000000002 107283878.928979 1467.85519787149
35683.2000000002 107347290.273527 1466.36199152228
35726.4000000002 107410637.111561 1464.87055327979
35769.6000000002 107473919.519463 1463.3808782227
35812.8000000002 107537137.573402 1461.89296144868
35856.0000000002 107600291.349337 1460.40679807432
35899.2000000002 107663380.923013 1458.92238323501
35942.4000000002 107726406.369969 1457.43971208486
35985.6000000002 107789367.765531 1455.95877979659
36028.8000000002 107852265.184819 1454.47958156145
36072.0000000002 107915098.702742 1453.00211258912
36115.2000000002 107977868.394006 1451.52636810762
36158.4000000002 108040574.333108 1450.05234336321
36201.6000000002 108103216.594341 1448.58003362029
36244.8000000002 108165795.251794 1447.10943416134
36288.0000000002 108228310.37935 1445.6405402868
36331.2000000001 108290762.05069 1444.17334731499
36374.4000000001 108353150.339294 1442.70785058202
36417.6000000001 108415475.318439 1441.24404544169
36460.8000000001 108477737.061202 1439.78192726543
36504.0000000001 108539935.64046 1438.32149144216
36547.2000000001 108602071.12889 1436.86273337826
36590.4000000001 108664143.598972 1435.40564849746
36633.6000000001 108726153.122987 1433.95023224072
36676.8000000001 108788099.77302 1432.49648006622
36720.0000000001 108849983.620959 1431.04438744918
36763.2000000001 108911804.738497 1429.59394988186
36806.4000000001 108973563.197132 1428.14516287342
36849.6000000001 109035259.068168 1426.69802194986
36892.8000000001 109096892.422716 1425.25252265393
36936.0000000001 109158463.331695 1423.80866054506
36979.2000000001 109219971.86583 1422.36643119924
37022.4000000001 109281418.095658 1420.92583020898
37065.6000000001 109342802.091523 1419.48685318322
37108.8000000001 109404123.923581 1418.04949574724
37152.0000000001 109465383.661797 1416.61375354255
37195.2000000001 109526581.37595 1415.17962222688
37238.4000000001 109587717.13563 1413.74709747404
37281.6000000001 109648791.010241 1412.31617497388
37324.8000000001 109709803.069 1410.88685043215
37368.0000000001 109770753.380939 1409.45911957053
37411.2000000001 109831642.014904 1408.03297812643
37454.4000000001 109892469.039559 1406.608421853
37497.6000000001 109953234.523383 1405.18544651902
37540.8000000001 110013938.534673 1403.76404790883
37584.0000000001 110074581.141542 1402.34422182224
37627.2000000001 110135162.411925 1400.92596407447
37670.4000000001 110195682.413573 1399.50927049609
37713.6000000001 110256141.214059 1398.09413693289
37756.8000000001 110316538.880774 1396.68055924588
37800.0000000001 110376875.480934 1395.26853331117
37843.2 110437151.081573 1393.85805501988
37886.4 110497365.749549 1392.44912027814
37929.6 110557519.551545 1391.04172500693
37972.8 110617612.554066 1389.63586514207
38016 110677644.82344 1388.23153663412
38059.2 110737616.425822 1386.82873544833
38102.4 110797527.427194 1385.42745756454
38145.6 110857377.893361 1384.02769897714
38188.8 110917167.889956 1382.62945569499
38232 110976897.482442 1381.23272374132
38275.2 111036566.736108 1379.83749915373
38318.4 111096175.716072 1378.44377798405
38361.6 111155724.48728 1377.0515562983
38404.8 111215213.114513 1375.66083017665
38448 111274641.662376 1374.27159571331
38491.2 111334010.195311 1372.88384901648
38534.4 111393318.777588 1371.49758620828
38577.6 111452567.473313 1370.11280342471
38620.8 111511756.346421 1368.72949681554
38664 111570885.460683 1367.34766254427
38707.2 111629954.879705 1365.96729678806
38750.4 111688964.666926 1364.58839573769
38793.6 111747914.885622 1363.21095559744
38836.8 111806805.598904 1361.83497258508
38880 111865636.86972 1360.46044293177
38923.2 111924408.760854 1359.08736288203
38966.4 111983121.334931 1357.71572869366
39009.6 112041774.65441 1356.34553663766
39052.8 112100368.781593 1354.97678299819
39096 112158903.778619 1353.60946407252
39139.2 112217379.707467 1352.24357617093
39182.4 112275796.629957 1350.87911561669
39225.6 112334154.607752 1349.51607874597
39268.8 112392453.702354 1348.1544619078
39311.9999999999 112450693.975108 1346.79426146399
39355.1999999999 112508875.487203 1345.43547378908
39398.3999999999 112566998.299671 1344.0780952703
39441.5999999999 112625062.473387 1342.72212230748
39484.7999999999 112683068.06907 1341.36755131301
39527.9999999999 112741015.147287 1340.01437871176
39571.1999999999 112798903.768447 1338.66260094106
39614.3999999999 112856733.992808 1337.31221445061
39657.5999999999 112914505.880472 1335.96321570243
39700.7999999999 112972219.491391 1334.61560117083
39743.9999999999 113029874.885361 1333.2693673423
39787.1999999999 113087472.12203 1331.9245107155
39830.3999999999 113145011.260893 1330.5810278012
39873.5999999999 113202492.361294 1329.23891512218
39916.7999999999 113259915.482428 1327.89816921323
39959.9999999999 113317280.683338 1326.55878662108
40003.1999999999 113374588.02292 1325.22076390431
40046.3999999999 113431837.55992 1323.88409763336
40089.5999999999 113489029.352938 1322.5487843904
40132.7999999999 113546163.460424 1321.21482076934
40175.9999999999 113603239.940681 1319.88220337575
40219.1999999999 113660258.851867 1318.55092882681
40262.3999999999 113717220.251992 1317.22099375124
40305.5999999999 113774124.198922 1315.89239478929
40348.7999999999 113830970.750377 1314.56512859263
40391.9999999999 113887759.963932 1313.23919182436
40435.1999999999 113944491.897019 1311.9145811589
40478.3999999999 114001166.606925 1310.59129328199
40521.5999999999 114057784.150795 1309.26932489061
40564.7999999999 114114344.58563 1307.94867269291
40607.9999999999 114170847.968291 1306.62933340823
40651.1999999999 114227294.355494 1305.31130376695
40694.3999999999 114283683.803816 1303.99458051054
40737.5999999999 114340016.369695 1302.67916039143
40780.7999999999 114396292.109423 1301.36504017302
40823.9999999998 114452511.079159 1300.05221662959
40867.1999999998 114508673.334917 1298.74068654627
40910.3999999998 114564778.932576 1297.43044671899
40953.5999999998 114620827.927874 1296.12149395442
40996.7999999998 114676820.376413 1294.81382506995
41039.9999999998 114732756.333656 1293.50743689361
41083.1999999998 114788635.85493 1292.20232626403
41126.3999999998 114844458.995425 1290.89849003041
41169.5999999998 114900225.810194 1289.59592505247
41212.7999999998 114955936.354156 1288.29462820038
41255.9999999998 115011590.682094 1286.99459635473
41299.1999999998 115067188.848657 1285.69582640648
41342.3999999998 115122730.908358 1284.39831525692
41385.5999999998 115178216.915577 1283.10205981763
41428.7999999998 115233646.924561 1281.80705701042
41471.9999999998 115289020.989424 1280.51330376727
41515.1999999998 115344339.164147 1279.22079703033
41558.3999999998 115399601.502578 1277.92953375185
41601.5999999998 115454808.058436 1276.6395108941
41644.7999999998 115509958.885307 1275.35072542941
41687.9999999998 115565054.036646 1274.06317434005
41731.1999999998 115620093.565777 1272.7768546182
41774.3999999998 115675077.525897 1271.49176326596
41817.5999999998 115730005.97007 1270.20789729523
41860.7999999998 115784878.951233 1268.92525372771
41903.9999999998 115839696.522194 1267.64382959487
41947.1999999998 115894458.735632 1266.36362193787
41990.3999999998 115949165.6441 1265.08462780753
42033.5999999998 116003817.300021 1263.80684426431
42076.7999999998 116058413.755694 1262.53026837825
42119.9999999998 116112955.063287 1261.2548972289
42163.1999999998 116167441.274848 1259.98072790536
42206.3999999998 116221872.442293 1258.70775750614
42249.5999999998 116276248.617418 1257.43598313918
42292.7999999997 116330569.851889 1256.16540192181
42335.9999999997 116384836.197252 1254.89601098067
42379.1999999997 116439047.704927 1253.62780745171
42422.3999999997 116493204.426208 1252.36078848013
42465.5999999997 116547306.412271 1251.09495122034
42508.7999999997 116601353.714164 1249.83029283592
42551.9999999997 116655346.382814 1248.5668104996
42595.1999999997 116709284.469028 1247.30450139319
42638.3999999997 116763168.023488 1246.04336270757
42681.5999999997 116816997.096757 1244.78339164261
42724.7999999997 116870771.739276 1243.52458540718
42767.9999999997 116924492.001365 1242.26694121908
42811.1999999997 116978157.933226 1241.01045630503
42854.3999999997 117031769.584938 1239.7551279006
42897.5999999997 117085327.006464 1238.50095325016
42940.7999999997 117138830.247644 1237.24792960691
42983.9999999997 117192279.358203 1235.99605423278
43027.1999999997 117245674.387746 1234.7453243984
43070.3999999997 117299015.38576 1233.4957373831
43113.5999999997 117352302.401615 1232.24729047484
43156.7999999997 117405535.484563 1230.99998097017
43199.9999999997 117458714.683741 1229.75380617422
43243.1999999997 117511840.048168 1228.50876340063
43286.3999999997 117564911.626747 1227.26484997156
43329.5999999997 117617929.468266 1226.02206321761
43372.7999999997 117670893.621397 1224.7804004778
43415.9999999997 117723804.134697 1223.53985909954
43459.1999999997 117776661.05661 1222.30043643858
43502.3999999997 117829464.435465 1221.06212985901
43545.5999999997 117882214.319475 1219.82493673316
43588.7999999997 117934910.756741 1218.58885444164
43631.9999999997 117987553.795253 1217.35388037325
43675.1999999997 118040143.482885 1216.12001192497
43718.3999999997 118092679.867401 1214.88724650194
43761.5999999996 118145162.996449 1213.65558151737
43804.7999999996 118197592.917571 1212.42501439257
43847.9999999996 118249969.678193 1211.19554255688
43891.1999999996 118302293.325631 1209.96716344766
43934.3999999996 118354563.907092 1208.73987451021
43977.5999999996 118406781.469671 1207.5136731978
44020.7999999996 118458946.060353 1206.2885569716
44063.9999999996 118511057.726014 1205.06452330063
44107.1999999996 118563116.513421 1203.84156966177
44150.3999999996 118615122.46923 1202.61969353971
44193.5999999996 118667075.639991 1201.39889242691
44236.7999999996 118718976.072144 1200.17916382357
44279.9999999996 118770823.812021 1198.96050523759
44323.1999999996 118822618.905847 1197.74291418457
44366.3999999996 118874361.39974 1196.52638818774
44409.5999999996 118926051.33971 1195.31092477797
44452.7999999996 118977688.77166 1194.09652149367
44495.9999999996 119029273.741389 1192.88317588084
44539.1999999996 119080806.294587 1191.67088549298
44582.3999999996 119132286.47684 1190.4596478911
44625.5999999996 119183714.333629 1189.24946064366
44668.7999999996 119235089.910329 1188.04032132653
44711.9999999996 119286413.25221 1186.832227523
44755.1999999996 119337684.404439 1185.62517682373
44798.3999999996 119388903.412078 1184.4191668267
44841.5999999996 119440070.320085 1183.21419513722
44884.7999999996 119491185.173315 1182.01025936785
44927.9999999996 119542248.01652 1180.80735713841
44971.1999999996 119593258.894348 1179.60548607596
45014.3999999996 119644217.851346 1178.4046438147
45057.5999999996 119695124.931959 1177.20482799604
45100.7999999996 119745980.180529 1176.0060362685
45143.9999999996 119796783.641295 1174.80826628768
45187.1999999996 119847535.358399 1173.61151571628
45230.3999999996 119898235.375878 1172.41578222404
45273.5999999995 119948883.73767 1171.22106348771
45316.7999999995 119999480.487613 1170.02735719101
45359.9999999995 120050025.669443 1168.83466102465
45403.1999999995 120100519.3268 1167.64297268625
45446.3999999995 120150961.50322 1166.45228988034
45489.5999999995 120201352.242143 1165.26261031831
45532.7999999995 120251691.586908 1164.07393171841
45575.9999999995 120301979.580759 1162.8862518057
45619.1999999995 120352216.266837 1161.69956831205
45662.3999999995 120402401.688188 1160.51387897607
45705.5999999995 120452535.887759 1159.32918154311
45748.7999999995 120502618.908402 1158.14547376524
45791.9999999995 120552650.792869 1156.96275340121
45835.1999999995 120602631.583816 1155.78101821643
45878.3999999995 120652561.323803 1154.60026598292
45921.5999999995 120702440.055293 1153.42049447932
45964.7999999995 120752267.820655 1152.24170149085
46007.9999999995 120802044.662159 1151.06388480926
46051.1999999995 120851770.621983 1149.88704223283
46094.3999999995 120901445.742207 1148.71117156636
46137.5999999995 120951070.064819 1147.53627062109
46180.7999999995 121000643.63171 1146.36233721473
46223.9999999995 121050166.484677 1145.18936917139
46267.1999999995 121099638.665426 1144.01736432159
46310.3999999995 121149060.215564 1142.84632050222
46353.5999999995 121198431.17661 1141.6762355565
46396.7999999995 121247751.589986 1140.50710733397
46439.9999999995 121297021.497023 1139.33893369049
46483.1999999995 121346240.938958 1138.17171248816
46526.3999999995 121395409.956938 1137.00544159533
46569.5999999995 121444528.592015 1135.84011888659
46612.7999999995 121493596.885151 1134.67574224269
46655.9999999995 121542614.877215 1133.51230955057
46699.1999999995 121591582.608988 1132.34981870333
46742.3999999994 121640500.121156 1131.18826760016
46785.5999999994 121689367.454316 1130.02765414638
46828.7999999994 121738184.648975 1128.86797625336
46871.9999999994 121786951.74555 1127.70923183854
46915.1999999994 121835668.784365 1126.55141882536
46958.3999999994 121884335.805658 1125.39453514328
47001.5999999994 121932952.849577 1124.23857872775
47044.7999999994 121981519.956178 1123.08354752016
47087.9999999994 122030037.16543 1121.92943946782
47131.1999999994 122078504.517215 1120.77625252399
47174.3999999994 122126922.051324 1119.62398464777
47217.5999999994 122175289.807461 1118.47263380415
47260.7999999994 122223607.825242 1117.32219796396
47303.9999999994 122271876.144194 1116.17267510385
47347.1999999994 122320094.803758 1115.02406320624
47390.3999999994 122368263.843289 1113.87636025936
47433.5999999994 122416383.302052 1112.72956425715
47476.7999999994 122464453.219228 1111.58367319931
47519.9999999994 122512473.63391 1110.43868509124
47563.1999999994 122560444.585106 1109.29459794401
47606.3999999994 122608366.111737 1108.15140977436
47649.5999999994 122656238.252639 1107.00911860468
47692.7999999994 122704061.046563 1105.86772246295
47735.9999999994 122751834.532173 1104.72721938278
47779.1999999994 122799558.748051 1103.58760740333
47822.3999999994 122847233.732691 1102.44888456932
47865.5999999994 122894859.524504 1101.311048931
47908.7999999994 122942436.161818 1100.17409854415
47951.9999999994 122989963.682875 1099.03803147001
47995.1999999994 123037442.125834 1097.90284577531
48038.3999999994 123084871.528772 1096.76853953222
48081.5999999994 123132251.92968 1095.63511081832
48124.7999999994 123179583.366467 1094.50255771663
48167.9999999994 123226865.87696 1093.37087831552
48211.1999999993 123274099.498904 1092.24007070876
48254.3999999993 123321284.269958 1091.11013299543
48297.5999999993 123368420.227704 1089.98106327995
48340.7999999993 123415507.409637 1088.85285967204
48383.9999999993 123462545.853175 1087.72552028672
48427.1999999993 123509535.595652 1086.59904324424
48470.3999999993 123556476.67432 1085.47342667012
48513.5999999993 123603369.126352 1084.34866869509
48556.7999999993 123650212.988839 1083.22476745509
48599.9999999993 123697008.298794 1082.10172109123
48643.1999999993 123743755.093145 1080.97952774981
48686.3999999993 123790453.408743 1079.85818558225
48729.5999999993 123837103.282361 1078.7376927451
48772.7999999993 123883704.750687 1077.61804740002
48815.9999999993 123930257.850335 1076.49924771376
48859.1999999993 123976762.617836 1075.38129185812
48902.3999999993 124023219.089644 1074.26417800997
48945.5999999993 124069627.302134 1073.1479043512
48988.7999999993 124115987.291602 1072.03246906869
49031.9999999993 124162299.094266 1070.91787035435
49075.1999999993 124208562.746266 1069.80410640503
49118.3999999993 124254778.283662 1068.69117542255
49161.5999999993 124300945.74244 1067.57907561366
49204.7999999993 124347065.158507 1066.46780519001
49247.9999999993 124393136.567691 1065.35736236819
49291.1999999993 124439160.005745 1064.24774536962
49334.3999999993 124485135.508345 1063.13895242063
49377.5999999993 124531063.11109 1062.03098175234
49420.7999999993 124576942.849502 1060.92383160075
49463.9999999993 124622774.759027 1059.81750020663
49507.1999999993 124668558.875036 1058.71198581554
49550.3999999993 124714295.232823 1057.60728667784
49593.5999999993 124759983.867608 1056.50340104862
49636.7999999993 124805624.814533 1055.40032718771
49679.9999999993 124851218.108667 1054.29806335966
49723.1999999992 124896763.785004 1053.19660783372
49766.3999999992 124942261.878463 1052.09595888383
49809.5999999992 124987712.423887 1050.99611478858
49852.7999999992 125033115.456046 1049.89707383123
49895.9999999992 125078471.009635 1048.79883429966
49939.1999999992 125123779.119277 1047.70139448636
49982.3999999992 125169039.819519 1046.60475268842
50025.5999999992 125214253.144835 1045.50890720753
50068.7999999992 125259419.129626 1044.41385634991
50111.9999999992 125304537.80822 1043.31959842636
50155.1999999992 125349609.214872 1042.22613175217
50198.3999999992 125394633.383764 1041.13345464719
50241.5999999992 125439610.349005 1040.04156543574
50284.7999999992 125484540.144632 1038.95046244662
50327.9999999992 125529422.804609 1037.8601440131
50371.1999999992 125574258.362831 1036.77060847289
50414.3999999992 125619046.853117 1035.68185416815
50457.5999999992 125663788.309217 1034.59387944543
50500.7999999992 125708482.764809 1033.50668265569
50543.9999999992 125753130.2535 1032.42026215428
50587.1999999992 125797730.808825 1031.33461630091
50630.3999999992 125842284.464249 1030.24974345964
50673.5999999992 125886791.253166 1029.16564199886
50716.7999999992 125931251.208901 1028.08231029129
50759.9999999992 125975664.364705 1026.99974671394
50803.1999999992 126020030.753763 1025.91794964813
50846.3999999992 126064350.409188 1024.83691747943
50889.5999999992 126108623.364023 1023.75664859767
50932.7999999992 126152849.651243 1022.67714139693
50975.9999999992 126197029.303751 1021.59839427551
51019.1999999992 126241162.354384 1020.52040563592
51062.3999999992 126285248.835907 1019.44317388488
51105.5999999992 126329288.781019 1018.36669743325
51148.7999999992 126373282.222348 1017.29097469611
51191.9999999991 126417229.192455 1016.21600409264
51235.1999999991 126461129.723832 1015.14178404619
51278.3999999991 126504983.848903 1014.06831298422
51321.5999999991 126548791.600023 1012.99558933827
51364.7999999991 126592553.009483 1011.92361154401
51407.9999999991 126636268.109502 1010.85237804116
51451.1999999991 126679936.932233 1009.78188727352
51494.3999999991 126723559.509763 1008.7121376889
51537.5999999991 126767135.874111 1007.64312773919
51580.7999999991 126810666.05723 1006.57485588027
51623.9999999991 126854150.091004 1005.50732057202
51667.1999999991 126897588.007252 1004.44052027831
51710.3999999991 126940979.837728 1003.374453467
51753.5999999991 126984325.614118 1002.3091186099
51796.7999999991 127027625.368042 1001.24451418277
51839.9999999991 127070879.131055 1000.18063866528
51883.1999999991 127114086.934645 999.117490541052
51926.3999999991 127157248.810237 998.055068297588
51969.5999999991 127200364.789187 996.993370426291
52012.7999999991 127243434.902789 995.932395422434
52055.9999999991 127286459.182272 994.872141785156
52099.1999999991 127329437.658797 993.812608017444
52142.3999999991 127372370.363463 992.753792626119
52185.5999999991 127415257.327305 991.695694121824
52228.7999999991 127458098.581291 990.638311019009
52271.9999999991 127500894.156327 989.581641835919
52315.1999999991 127543644.083254 988.525685094581
52358.3999999991 127586348.39285 987.470439320787
52401.5999999991 127629007.115829 986.415903044085
52444.7999999991 127671620.28284 985.362074797762
52487.9999999991 127714187.924471 984.308953118836
52531.1999999991 127756710.071246 983.256536548036
52574.3999999991 127799186.753625 982.204823629795
52617.5999999991 127841618.002006 981.153812912232
52660.799999999 127884003.846724 980.103502947144
52703.999999999 127926344.318051 979.053892289989
52747.199999999 127968639.446198 978.004979499874
52790.399999999 128010889.261312 976.956763139544
52833.599999999 128053093.79348 975.909241775369
52876.799999999 128095253.072725 974.862413977327
52919.999999999 128137367.129009 973.816278318999
52963.199999999 128179435.992232 972.770833377548
53006.399999999 128221459.692234 971.726077733713
53049.599999999 128263438.258792 970.682009971793
53092.799999999 128305371.721623 969.638628679637
53135.999999999 128347260.110382 968.595932448629
53179.199999999 128389103.454663 967.553919873676
53222.399999999 128430901.784002 966.512589553199
53265.599999999 128472655.127871 965.471940089117
53308.799999999 128514363.515683 964.431970086835
53351.999999999 128556026.97679 963.392678155235
53395.199999999 128597645.540487 962.354062906661
53438.399999999 128639219.236004 961.316122956909
53481.599999999 128680748.092516 960.278856925212
53524.799999999 128722232.139135 959.242263434233
53567.999999999 128763671.404915 958.206341110047
53611.199999999 128805065.918851 957.171088582134
53654.399999999 128846415.709878 956.136504483365
53697.599999999 128887720.806872 955.102587449991
53740.799999999 128928981.23865 954.069336121633
53783.999999999 128970197.03397 953.036749141265
53827.199999999 129011368.221533 952.004825155208
53870.399999999 129052494.82998 950.973562813118
53913.599999999 129093576.887893 949.942960767969
53956.799999999 129134614.423798 948.913017676048
53999.999999999 129175607.466162 947.883732196942
54043.199999999 129216556.043393 946.855102993523
54086.399999999 129257460.183842 945.827128731942
54129.599999999 129298319.915803 944.799808081614
54172.7999999989 129339135.267513 943.773139715208
54215.9999999989 129379906.267148 942.747122308635
54259.1999999989 129420632.942832 941.721754541041
54302.3999999989 129461315.322628 940.69703509479
54345.5999999989 129501953.434544 939.672962655455
54388.7999999989 129542547.306531 938.649535911809
54431.9999999989 129583096.966482 937.626753555814
54475.1999999989 129623602.442236 936.604614282607
54518.3999999989 129664063.761573 935.583116790491
54561.5999999989 129704480.952218 934.562259780926
54604.7999999989 129744854.041841 933.542041958515
54647.9999999989 129785183.058053 932.522462030994
54691.1999999989 129825468.028413 931.503518709226
54734.3999999989 129865708.980421 930.485210707181
54777.5999999989 129905905.941524 929.467536741936
54820.7999999989 129946058.939111 928.450495533657
54863.9999999989 129986168.000518 927.434085805591
54907.1999999989 130026233.153025 926.418306284055
54950.3999999989 130066254.423857 925.403155698429
54993.5999999989 130106231.840183 924.388632781139
55036.7999999989 130146165.429119 923.374736267653
55079.9999999989 130186055.217726 922.361464896466
55123.1999999989 130225901.233009 921.348817409095
55166.3999999989 130265703.501921 920.336792550063
55209.5999999989 130305462.051359 919.325389066892
55252.7999999989 130345176.908167 918.314605710095
55295.9999999989 130384848.099134 917.30444123316
55339.1999999989 130424475.650995 916.294894392544
55382.3999999989 130464059.590433 915.285963947666
55425.5999999989 130503599.944075 914.277648660888
55468.7999999989 130543096.738497 913.269947297515
55511.9999999989 130582550.000221 912.262858625778
55555.1999999989 130621959.755713 911.256381416829
55598.3999999989 130661326.031391 910.250514444728
55641.5999999988 130700648.853615 909.245256486432
55684.7999999988 130739928.248695 908.240606321793
55727.9999999988 130779164.242888 907.236562733538
55771.1999999988 130818356.862398 906.233124507267
55814.3999999988 130857506.133377 905.23029043144
55857.5999999988 130896612.081923 904.228059297367
55900.7999999988 130935674.734085 903.226429899203
55943.9999999988 130974694.115857 902.225401033932
55987.1999999988 131013670.253181 901.224971501362
56030.3999999988 131052603.17195 900.225140104114
56073.5999999988 131091492.898003 899.225905647614
56116.7999999988 131130339.457127 898.227266940081
56159.9999999988 131169142.875058 897.229222792522
56203.1999999988 131207903.177483 896.231772018717
56246.3999999988 131246620.390034 895.234913435214
56289.5999999988 131285294.538295 894.238645861322
56332.7999999988 131323925.647796 893.242968119093
56375.9999999988 131362513.744019 892.247879033323
56419.1999999988 131401058.852393 891.253377431537
56462.3999999988 131439560.998298 890.25946214398
56505.5999999988 131478020.207063 889.266132003612
56548.7999999988 131516436.503965 888.273385846095
56591.9999999988 131554809.914234 887.281222509785
56635.1999999988 131593140.463046 886.289640835726
56678.3999999988 131631428.17553 885.298639667636
56721.5999999988 131669673.076764 884.308217851902
56764.7999999988 131707875.191775 883.318374237572
56807.9999999988 131746034.545542 882.329107676341
56851.1999999988 131784151.162994 881.340417022549
56894.3999999988 131822225.069009 880.352301133167
56937.5999999988 131860256.288418 879.364758867791
56980.7999999988 131898244.846001 878.377789088634
57023.9999999988 131936190.76649 877.391390660514
57067.1999999988 131974094.074566 876.405562450849
57110.3999999987 132011954.794864 875.420303329648
57153.5999999987 132049772.951968 874.4356121695
57196.7999999987 132087548.570414 873.451487845567
57239.9999999987 132125281.674689 872.467929235579
57283.1999999987 132162972.289232 871.484935219818
57326.3999999987 132200620.438433 870.502504681118
57369.5999999987 132238226.146635 869.52063650485
57412.7999999987 132275789.438132 868.539329578918
57455.9999999987 132313310.33717 867.558582793749
57499.1999999987 132350788.867947 866.578395042285
57542.3999999987 132388225.054613 865.598765219975
57585.5999999987 132425618.92127 864.619692224767
57628.7999999987 132462970.491974 863.641174957098
57671.9999999987 132500279.790732 862.66321231989
57715.1999999987 132537546.841505 861.685803218537
57758.3999999987 132574771.668204 860.7089465609
57801.5999999987 132611954.294695 859.732641257301
57844.7999999987 132649094.744797 858.756886220509
57887.9999999987 132686193.042282 857.781680365737
57931.1999999987 132723249.210874 856.807022610633
57974.3999999987 132760263.274251 855.832911875271
58017.5999999987 132797235.256044 854.859347082145
58060.7999999987 132834165.179838 853.886327156158
58103.9999999987 132871053.069171 852.913851024618
58147.1999999987 132907898.947535 851.941917617228
58190.3999999987 132944702.838376 850.97052586608
58233.5999999987 132981464.765094 849.999674705644
58276.7999999987 133018184.751041 849.029363072765
58319.9999999987 133054862.819526 848.05958990665
58363.1999999987 133091498.99381 847.090354148865
58406.3999999987 133128093.297109 846.121654743326
58449.5999999987 133164645.752594 845.15349063629
58492.7999999987 133201156.383389 844.18586077635
58535.9999999987 133237625.212575 843.218764114423
58579.1999999987 133274052.263184 842.25219960375
58622.3999999986 133310437.558207 841.286166199881
58665.5999999986 133346781.120587 840.320662860673
58708.7999999986 133383082.973223 839.355688546278
58751.9999999986 133419343.138968 838.39124221914
58795.1999999986 133455561.640632 837.427322843985
58838.3999999986 133491738.500979 836.463929387814
58881.5999999986 133527873.742728 835.501060819898
58924.7999999986 133563967.388556 834.538716111768
58967.9999999986 133600019.461092 833.576894237207
59011.1999999986 133636029.982923 832.615594172248
59054.3999999986 133671998.976591 831.65481489516
59097.5999999986 133707926.464594 830.694555386447
59140.7999999986 133743812.469387 829.734814628837
59183.9999999986 133779657.013379 828.775591607276
59227.1999999986 133815460.118937 827.816885308922
59270.3999999986 133851221.808382 826.858694723135
59313.5999999986 133886942.103994 825.901018841475
59356.7999999986 133922621.028008 824.94385665769
59399.9999999986 133958258.602615 823.987207167711
59443.1999999986 133993854.849965 823.031069369647
59486.3999999986 134029409.792162 822.075442263775
59529.5999999986 134064923.451268 821.120324852535
59572.7999999986 134100395.849301 820.165716140522
59615.9999999986 134135827.008239 819.21161513448
59659.1999999986 134171216.950012 818.258020843296
59702.3999999986 134206565.696513 817.304932277991
59745.5999999986 134241873.269587 816.352348451716
59788.7999999986 134277139.69104 815.400268379743
59831.9999999986 134312364.982634 814.448691079458
59875.1999999986 134347549.166089 813.497615570358
59918.3999999986 134382692.263082 812.54704087404
59961.5999999986 134417794.295247 811.596966014197
60004.7999999986 134452855.284179 810.64739001661
60047.9999999986 134487875.251428 809.698311909142
60091.1999999985 134522854.218502 808.749730721733
60134.3999999985 134557792.20687 807.801645486391
60177.5999999985 134592689.237955 806.854055237187
60220.7999999985 134627545.333141 805.906959010247
60263.9999999985 134662360.51377 804.960355843747
60307.1999999985 134697134.801143 804.014244777907
60350.3999999985 134731868.216517 803.068624854985
60393.5999999985 134766560.781111 802.123495119265
60436.7999999985 134801212.5161 801.17885461706
60479.9999999985 134835823.442619 800.234702396699
60523.1999999985 134870393.581763 799.291037508521
60566.3999999985 134904922.954583 798.347859004872
60609.5999999985 134939411.582092 797.405165940097
60652.7999999985 134973859.485261 796.462957370532
60695.9999999985 135008266.685019 795.521232354501
60739.1999999985 135042633.202257 794.579989952309
60782.3999999985 135076959.057823 793.639229226233
60825.5999999985 135111244.272525 792.69894924052
60868.7999999985 135145488.867133 791.759149061378
60911.9999999985 135179692.862372 790.81982775697
60955.1999999985 135213856.278931 789.88098439741
60998.3999999985 135247979.137457 788.942618054755
61041.5999999985 135282061.458557 788.004727803001
61084.7999999985 135316103.262798 787.067312718074
61127.9999999985 135350104.570708 786.130371877827
61171.1999999985 135384065.402773 785.19390436203
61214.3999999985 135417985.779441 784.25790925237
61257.5999999985 135451865.721121 783.322385632441
61300.7999999985 135485705.24818 782.387332587738
61343.9999999985 135519504.380948 781.452749205652
61387.1999999985 135553263.139714 780.518634575466
61430.3999999985 135586981.544727 779.584987788344
61473.5999999985 135620659.6162 778.651807937333
61516.7999999985 135654297.374303 777.719094117349
61559.9999999985 135687894.839169 776.786845425176
61603.1999999984 135721452.030891 775.855060959462
61646.3999999984 135754968.969524 774.923739820705
61689.5999999984 135788445.675085 773.992881111258
61732.7999999984 135821882.167549 773.062483935315
61775.9999999984 135855278.466855 772.13254739891
61819.1999999984 135888634.592902 771.20307060991
61862.3999999984 135921950.565553 770.274052678007
61905.5999999984 135955226.404628 769.345492714716
61948.7999999984 135988462.129914 768.417389833369
61991.9999999984 136021657.761154 767.489743149107
62035.1999999984 136054813.318059 766.562551778875
62078.3999999984 136087928.820295 765.63581484142
62121.5999999984 136121004.287497 764.709531457281
62164.7999999984 136154039.739255 763.783700748785
62207.9999999984 136187035.195128 762.858321840043
62251.1999999984 136219990.674631 761.933393856943
62294.3999999984 136252906.197246 761.008915927145
62337.5999999984 136285781.782414 760.084887180074
62380.7999999984 136318617.44954 759.16130674692
62423.9999999984 136351413.217992 758.238173760624
62467.1999999984 136384169.107098 757.315487355881
62510.3999999984 136416885.136152 756.393246669131
62553.5999999984 136449561.324408 755.471450838551
62596.7999999984 136482197.691084 754.550099004055
62639.9999999984 136514794.255361 753.629190307285
62683.1999999984 136547351.036382 752.708723891609
62726.3999999984 136579868.053255 751.78869890211
62769.5999999984 136612345.325047 750.869114485589
62812.7999999984 136644782.870793 749.949969790551
62855.9999999984 136677180.709488 749.031263967207
62899.1999999984 136709538.860091 748.112996167465
62942.3999999984 136741857.341526 747.195165544926
62985.5999999984 136774136.172677 746.277771254879
63028.7999999984 136806375.372395 745.360812454294
63071.9999999983 136838574.959493 744.44428830182
63115.1999999983 136870734.952748 743.528197957778
63158.3999999983 136902855.3709 742.612540584157
63201.5999999983 136934936.232653 741.697315344606
63244.7999999983 136966977.556676 740.782521404434
63287.9999999983 136998979.361601 739.868157930601
63331.1999999983 137030941.666023 738.954224091714
63374.3999999983 137062864.488504 738.040719058022
63417.5999999983 137094747.847567 737.127642001414
63460.7999999983 137126591.761702 736.214992095408
63503.9999999983 137158396.24936 735.30276851515
63547.1999999983 137190161.32896 734.390970437412
63590.3999999983 137221887.018883 733.479597040579
63633.5999999983 137253573.337475 732.568647504651
63676.7999999983 137285220.303047 731.658121011238
63719.9999999983 137316827.933875 730.74801674355
63763.1999999983 137348396.248198 729.838333886397
63806.3999999983 137379925.264222 728.92907162618
63849.5999999983 137411415.000117 728.020229150894
63892.7999999983 137442865.474016 727.111805650112
63935.9999999983 137474276.70402 726.203800314991
63979.1999999983 137505648.708194 725.296212338259
64022.3999999983 137536981.504567 724.389040914217
64065.5999999983 137568275.111134 723.482285238728
64108.7999999983 137599529.545856 722.575944509216
64151.9999999983 137630744.826659 721.670017924664
64195.1999999983 137661920.971434 720.764504685602
64238.3999999983 137693057.998036 719.859403994108
64281.5999999983 137724155.924288 718.954715053802
64324.7999999983 137755214.767979 718.050437069841
64367.9999999983 137786234.54686 717.146569248915
64411.1999999983 137817215.278652 716.243110799241
64454.3999999983 137848156.981038 715.340060930561
64497.5999999983 137879059.671671 714.437418854134
64540.7999999982 137909923.368165 713.535183782736
64583.9999999982 137940748.088104 712.63335493065
64627.1999999982 137971533.849037 711.731931513666
64670.3999999982 138002280.668479 710.830912749076
64713.5999999982 138032988.56391 709.930297855666
64756.7999999982 138063657.552777 709.030086053716
64799.9999999982 138094287.652494 708.130276564993
64843.1999999982 138124878.880442 707.230868612746
64886.3999999982 138155431.253966 706.331861421704
64929.5999999982 138185944.79038 705.433254218071
64972.7999999982 138216419.506962 704.535046229519
65015.9999999982 138246855.420959 703.637236685187
65059.1999999982 138277252.549584 702.739824815675
65102.3999999982 138307610.910016 701.84280985304
65145.5999999982 138337930.519401 700.946191030791
65188.7999999982 138368211.394854 700.049967583887
65231.9999999982 138398453.553454 699.15413874873
65275.1999999982 138428657.012247 698.25870376316
65318.3999999982 138458821.78825 697.363661866456
65361.5999999982 138488947.898443 696.469012299325
65404.7999999982 138519035.359774 695.574754303904
65447.9999999982 138549084.18916 694.680887123751
65491.1999999982 138579094.403484 693.787410003842
65534.3999999982 138609066.019596 692.894322190569
65577.5999999982 138638999.054314 692.001622931734
65620.7999999982 138668893.524425 691.109311476544
65663.9999999982 138698749.446681 690.21738707561
65707.1999999982 138728566.837803 689.325848980938
65750.3999999982 138758345.714479 688.43469644593
65793.5999999982 138788086.093365 687.543928725378
65836.7999999982 138817787.991086 686.653545075456
65879.9999999982 138847451.424233 685.763544753724
65923.1999999982 138877076.409367 684.873927019117
65966.3999999982 138906662.963014 683.984691131942
66009.5999999982 138936211.101671 683.095836353878
66052.7999999982 138965720.841801 682.207361947968
66095.9999999982 138995192.199837 681.319267178616
66139.1999999981 139024625.192179 680.431551311584
66182.3999999981 139054019.835196 679.544213613987
66225.5999999981 139083376.145224 678.657253354289
66268.7999999981 139112694.138569 677.7706698023
66311.9999999981 139141973.831505 676.884462229171
66355.1999999981 139171215.240273 675.998629907389
66398.3999999981 139200418.381085 675.113172110778
66441.5999999981 139229583.27012 674.228088114489
66484.7999999981 139258709.923527 673.343377194999
66527.9999999981 139287798.357421 672.459038630108
66571.1999999981 139316848.58789 671.575071698933
66614.3999999981 139345860.630988 670.691475681907
66657.5999999981 139374834.502737 669.80824986077
66700.7999999981 139403770.219131 668.925393518572
66743.9999999981 139432667.796131 668.042905939663
66787.1999999981 139461527.249668 667.160786409694
66830.3999999981 139490348.595641 666.279034215609
66873.5999999981 139519131.849919 665.397648645646
66916.7999999981 139547877.02834 664.516628989328
66959.9999999981 139576584.146713 663.635974537463
67003.1999999981 139605253.220813 662.755684582139
67046.3999999981 139633884.266387 661.875758416721
67089.5999999981 139662477.29915 660.996195335845
67132.7999999981 139691032.334789 660.116994635417
67175.9999999981 139719549.388957 659.238155612608
67219.1999999981 139748028.477279 658.35967756585
67262.3999999981 139776469.61535 657.481559794835
67305.5999999981 139804872.818733 656.603801600507
67348.7999999981 139833238.102963 655.726402285061
67391.9999999981 139861565.483541 654.849361151939
67435.1999999981 139889854.975943 653.972677505828
67478.3999999981 139918106.595611 653.096350652651
67521.5999999981 139946320.357959 652.220379899571
67564.7999999981 139974496.278371 651.344764554982
67607.9999999981 140002634.3722 650.469503928506
67651.199999998 140030734.65477 649.594597330993
67694.399999998 140058797.141374 648.720044074511
67737.599999998 140086821.847278 647.845843472349
67780.799999998 140114808.787716 646.971994839011
67823.999999998 140142757.977893 646.098497490212
67867.199999998 140170669.432985 645.225350742873
67910.399999998 140198543.168137 644.352553915121
67953.599999998 140226379.198466 643.480106326283
67996.799999998 140254177.539059 642.608007296884
68039.999999998 140281938.204975 641.736256148643
68083.199999998 140309661.21124 640.864852204468
68126.399999998 140337346.572856 639.993794788456
68169.599999998 140364994.30479 639.123083225885
68212.799999998 140392604.421986 638.252716843216
68255.999999998 140420176.939353 637.382694968084
68299.199999998 140447711.871776 636.513016929298
68342.399999998 140475209.234107 635.64368205684
68385.599999998 140502669.041172 634.774689681854
68428.799999998 140530091.307766 633.90603913665
68471.999999998 140557476.048657 633.037729754696
68515.199999998 140584823.278583 632.169760870619
68558.399999998 140612133.012252 631.302131820198
68601.599999998 140639405.264347 630.43484194036
68644.799999998 140666640.049519 629.567890569182
68687.999999998 140693837.382391 628.701277045881
68731.199999998 140720997.27756 627.835000710816
68774.399999998 140748119.74959 626.969060905483
68817.599999998 140775204.813021 626.103456972509
68860.799999998 140802252.482363 625.238188255653
68903.999999998 140829262.772095 624.373254099801
68947.199999998 140856235.696672 623.508653850963
68990.399999998 140883171.270519 622.644386856267
69033.599999998 140910069.508031 621.780452463961
69076.799999998 140936930.423577 620.916850023405
69119.9999999979 140963754.031498 620.053578885073
69163.1999999979 140990540.346106 619.190638400542
69206.3999999979 141017289.381685 618.328027922496
69249.5999999979 141044001.152491 617.465746804722
69292.7999999979 141070675.672753 616.603794402102
69335.9999999979 141097312.956672 615.742170070615
69379.1999999979 141123913.018419 614.880873167331
69422.3999999979 141150475.872139 614.019903050408
69465.5999999979 141177001.531951 613.159259079092
69508.7999999979 141203490.011943 612.298940613709
69551.9999999979 141229941.326178 611.438947015665
69595.1999999979 141256355.488689 610.579277647444
69638.3999999979 141282732.513483 609.719931872602
69681.5999999979 141309072.41454 608.860909055765
69724.7999999979 141335375.205812 608.002208562625
69767.9999999979 141361640.901221 607.143829759941
69811.1999999979 141387869.514667 606.28577201553
69854.3999999979 141414061.060018 605.42803469827
69897.5999999979 141440215.551117 604.570617178091
69940.7999999979 141466333.001779 603.713518825977
69983.9999999979 141492413.425792 602.856739013959
70027.1999999979 141518456.836918 602.000277115117
70070.3999999979 141544463.248889 601.144132503571
70113.5999999979 141570432.675413 600.288304554483
70156.7999999979 141596365.13017 599.432792644051
70199.9999999979 141622260.626812 598.577596149507
70243.1999999979 141648119.178966 597.722714449114
70286.3999999979 141673940.80023 596.868146922165
70329.5999999979 141699725.504177 596.013892948975
70372.7999999979 141725473.304353 595.159951910885
70415.9999999979 141751184.214275 594.306323190252
70459.1999999979 141776858.247437 593.453006170452
70502.3999999979 141802495.417304 592.600000235874
70545.5999999979 141828095.737314 591.747304771918
70588.7999999978 141853659.22088 590.89491916499
70631.9999999978 141879185.881388 590.042842802503
70675.1999999978 141904675.732197 589.191075072871
70718.3999999978 141930128.78664 588.339615365509
70761.5999999978 141955545.058024 587.488463070827
70804.7999999978 141980924.559628 586.637617580228
70847.9999999978 142006267.304708 585.787078286107
70891.1999999978 142031573.30649 584.936844581847
70934.3999999978 142056842.578176 584.086915861816
70977.5999999978 142082075.132941 583.237291521363
71020.7999999978 142107270.983935 582.387970956818
71063.9999999978 142132430.14428 581.538953565489
71107.1999999978 142157552.627074 580.690238745655
71150.3999999978 142182638.445388 579.841825896568
71193.5999999978 142207687.612267 578.993714418449
71236.7999999978 142232700.14073 578.145903712483
71279.9999999978 142257676.04377 577.29839318082
71323.1999999978 142282615.334355 576.451182226568
71366.3999999978 142307518.025428 575.604270253795
71409.5999999978 142332384.129902 574.757656667523
71452.7999999978 142357213.660671 573.911340873725
71495.9999999978 142382006.630596 573.065322279324
71539.1999999978 142406763.052519 572.219600292191
71582.3999999978 142431482.939251 571.374174321139
71625.5999999978 142456166.303582 570.529043775924
71668.7999999978 142480813.158273 569.68420806724
71711.9999999978 142505423.516062 568.839666606716
71755.1999999978 142529997.389659 567.995418806918
71798.3999999978 142554534.791752 567.151464081338
71841.5999999978 142579035.735 566.3078018444
71884.7999999978 142603500.232039 565.464431511451
71927.9999999978 142627928.295481 564.621352498761
71971.1999999978 142652319.937909 563.778564223523
72014.3999999978 142676675.171883 562.936066103844
72057.5999999978 142700994.009939 562.093857558749
72100.7999999977 142725276.464585 561.251938008174
72143.9999999977 142749522.548307 560.410306872964
72187.1999999977 142773732.273564 559.568963574873
72230.3999999977 142797905.652791 558.727907536559
72273.5999999977 142822042.698396 557.887138181583
72316.7999999977 142846143.422766 557.046654934404
72359.9999999977 142870207.838259 556.20645722038
72403.1999999977 142894235.957211 555.366544465761
72446.3999999977 142918227.791932 554.526916097692
72489.5999999977 142942183.354707 553.687571544206
72532.7999999977 142966102.657798 552.848510234223
72575.9999999977 142989985.71344 552.009731597547
72619.1999999977 143013832.533845 551.171235064865
72662.3999999977 143037643.1312 550.333020067743
72705.5999999977 143061417.517667 549.495086038624
72748.7999999977 143085155.705384 548.657432410825
72791.9999999977 143108857.706464 547.820058618537
72835.1999999977 143132523.532996 546.982964096818
72878.3999999977 143156153.197045 546.146148281595
72921.5999999977 143179746.710651 545.309610609658
72964.7999999977 143203304.085829 544.473350518662
73007.9999999977 143226825.334572 543.637367447118
73051.1999999977 143250310.468845 542.801660834398
73094.3999999977 143273759.500593 541.966230120727
73137.5999999977 143297172.441735 541.131074747183
73180.7999999977 143320549.304164 540.296194155694
73223.9999999977 143343890.099751 539.461587789037
73267.1999999977 143367194.840344 538.627255090831
73310.3999999977 143390463.537764 537.793195505542
73353.5999999977 143413696.203809 536.959408478473
73396.7999999977 143436892.850256 536.125893455769
73439.9999999977 143460053.488853 535.292649884408
73483.1999999977 143483178.131328 534.459677212202
73526.3999999977 143506266.789384 533.626974887795
73569.5999999976 143529319.474699 532.794542360659
73612.7999999976 143552336.198929 531.962379081092
73655.9999999976 143575316.973705 531.130484500218
73699.1999999976 143598261.810635 530.298858069981
73742.3999999976 143621170.721304 529.467499243145
73785.5999999976 143644043.717271 528.636407473291
73828.7999999976 143666880.810074 527.805582214816
73871.9999999976 143689682.011226 526.975022922929
73915.1999999976 143712447.332216 526.144729053647
73958.3999999976 143735176.784511 525.314700063799
74001.5999999976 143757870.379554 524.484935411016
74044.7999999976 143780528.128764 523.655434553735
74087.9999999976 143803150.043537 522.826196951193
74131.1999999976 143825736.135245 521.997222063427
74174.3999999976 143848286.415238 521.168509351268
74217.5999999976 143870800.894842 520.340058276345
74260.7999999976 143893279.585359 519.511868301077
74303.9999999976 143915722.49807 518.683938888673
74347.1999999976 143938129.64423 517.85626950313
74390.3999999976 143960501.035073 517.028859609231
74433.5999999976 143982836.681808 516.201708672541
74476.7999999976 144005136.595622 515.374816159407
74519.9999999976 144027400.78768 514.548181536956
74563.1999999976 144049629.269123 513.721804273089
74606.3999999976 144071822.051067 512.895683836483
74649.5999999976 144093979.144609 512.069819696587
74692.7999999976 144116100.56082 511.244211323621
74735.9999999976 144138186.310749 510.418858188572
74779.1999999976 144160236.405423 509.593759763193
74822.3999999976 144182250.855845 508.76891552
74865.5999999976 144204229.672995 507.944324932272
74908.7999999976 144226172.867832 507.119987474045
74951.9999999976 144248080.451291 506.295902620114
74995.1999999976 144269952.434284 505.472069846029
75038.3999999975 144291788.827702 504.648488628091
75081.5999999975 144313589.642411 503.825158443356
75124.7999999975 144335354.889255 503.002078769623
75167.9999999975 144357084.579058 502.179249085441
75211.1999999975 144378778.722619 501.356668870104
75254.3999999975 144400437.330714 500.534337603647
75297.5999999975 144422060.414098 499.712254766844
75340.7999999975 144443647.983504 498.89041984121
75383.9999999975 144465200.049641 498.068832308993
75427.1999999975 144486716.623197 497.247491653178
75470.3999999975 144508197.714837 496.426397357481
75513.5999999975 144529643.335202 495.605548906345
75556.7999999975 144551053.494915 494.784945784946
75599.9999999975 144572428.204573 493.964587479181
75643.1999999975 144593767.474752 493.144473475673
75686.3999999975 144615071.316006 492.324603261766
75729.5999999975 144636339.738867 491.504976325524
75772.7999999975 144657572.753844 490.685592155729
75815.9999999975 144678770.371426 489.866450241878
75859.1999999975 144699932.602076 489.04755007418
75902.3999999975 144721059.456239 488.228891143559
75945.5999999975 144742150.944337 487.410472941644
75988.7999999975 144763207.076768 486.592294960776
76031.9999999975 144784227.86391 485.774356693999
76075.1999999975 144805213.316119 484.95665763506
76118.3999999975 144826163.443729 484.139197278409
76161.5999999975 144847078.257051 483.321975119195
76204.7999999975 144867957.766377 482.504990653265
76247.9999999975 144888801.981973 481.68824337716
76291.1999999975 144909610.914087 480.871732788116
76334.3999999975 144930384.572943 480.055458384061
76377.5999999975 144951122.968745 479.239419663612
76420.7999999975 144971826.111675 478.423616126072
76463.9999999975 144992494.011891 477.608047271434
76507.1999999975 145013126.679534 476.79271260037
76550.3999999974 145033724.124718 475.977611614238
76593.5999999974 145054286.35754 475.162743815073
76636.7999999974 145074813.388072 474.34810870559
76679.9999999974 145095305.226369 473.53370578918
76723.1999999974 145115761.882459 472.719534569906
76766.3999999974 145136183.366352 471.905594552506
76809.5999999974 145156569.688037 471.091885242387
76852.7999999974 145176920.857479 470.278406145626
76895.9999999974 145197236.884625 469.465156768963
76939.1999999974 145217517.779397 468.652136619807
76982.3999999974 145237763.551699 467.839345206228
77025.5999999974 145257974.211412 467.026782036956
77068.7999999974 145278149.768396 466.214446621381
77111.9999999974 145298290.23249 465.402338469551
77155.1999999974 145318395.613512 464.590457092168
77198.3999999974 145338465.921258 463.778802000589
77241.5999999974 145358501.165505 462.967372706819
77284.7999999974 145378501.356006 462.156168723518
77327.9999999974 145398466.502495 461.345189563991
77371.1999999974 145418396.614684 460.534434742188
77414.3999999974 145438291.702265 459.723903772706
77457.5999999974 145458151.774908 458.913596170782
77500.7999999974 145477976.842262 458.103511452296
77543.9999999974 145497766.913957 457.293649133764
77587.1999999974 145517521.999599 456.484008732341
77630.3999999974 145537242.108777 455.674589765817
77673.5999999974 145556927.251055 454.865391752613
77716.7999999974 145576577.435978 454.056414211786
77759.9999999974 145596192.673072 453.247656663018
77803.1999999974 145615772.97184 452.439118626622
77846.3999999974 145635318.341765 451.630799623536
77889.5999999974 145654828.792308 450.822699175323
77932.7999999974 145674304.332913 450.014816804167
77975.9999999974 145693744.972999 449.207152032875
78019.1999999973 145713150.721967 448.399704384871
78062.3999999973 145732521.589196 447.592473384199
78105.5999999973 145751857.584046 446.785458555514
78148.7999999973 145771158.715856 445.97865942409
78191.9999999973 145790424.993943 445.17207551581
78235.1999999973 145809656.427605 444.365706357166
78278.3999999973 145828853.02612 443.559551475263
78321.5999999973 145848014.798744 442.753610397808
78364.7999999973 145867141.754713 441.947882653115
78407.9999999973 145886233.903243 441.142367770103
78451.1999999973 145905291.253531 440.33706527829
78494.3999999973 145924313.814751 439.531974707795
78537.5999999973 145943301.596058 438.727095589335
78580.7999999973 145962254.606588 437.922427454224
78623.9999999973 145981172.855454 437.117969834368
78667.1999999973 146000056.351751 436.313722262271
78710.3999999973 146018905.104552 435.509684271024
78753.5999999973 146037719.122913 434.705855394309
78796.7999999973 146056498.415866 433.902235166396
78839.9999999973 146075242.992425 433.098823122143
78883.1999999973 146093952.861584 432.295618796988
78926.3999999973 146112628.032316 431.492621726957
78969.5999999973 146131268.513575 430.689831448654
79012.7999999973 146149874.314293 429.887247499264
79055.9999999973 146168445.443385 429.08486941655
79099.1999999973 146186981.909744 428.282696738849
79142.3999999973 146205483.722243 427.480729005075
79185.5999999973 146223950.889736 426.678965754714
79228.7999999973 146242383.421057 425.877406527824
79271.9999999973 146260781.325019 425.076050865031
79315.1999999973 146279144.610416 424.27489830753
79358.3999999973 146297473.286023 423.473948397083
79401.5999999973 146315767.360594 422.673200676016
79444.7999999973 146334026.842863 421.872654687218
79487.9999999972 146352251.741545 421.072309974139
79531.1999999972 146370442.065336 420.272166080789
79574.3999999972 146388597.822911 419.472222551738
79617.5999999972 146406719.022925 418.67247893211
79660.7999999972 146424805.674015 417.872934767586
79703.9999999972 146442857.784797 417.0735896044
79747.1999999972 146460875.363868 416.274442989335
79790.3999999972 146478858.419805 415.475494469729
79833.5999999972 146496806.961166 414.676743593466
79876.7999999972 146514720.996489 413.878189908975
79919.9999999972 146532600.534294 413.079832965235
79963.1999999972 146550445.583078 412.281672311766
80006.3999999972 146568256.151321 411.48370749863
80049.5999999972 146586032.247485 410.685938076431
80092.7999999972 146603773.88001 409.888363596312
80135.9999999972 146621481.057318 409.090983609952
80179.1999999972 146639153.78781 408.293797669568
80222.3999999972 146656792.079869 407.496805327911
80265.5999999972 146674395.941859 406.700006138263
80308.7999999972 146691965.382124 405.90339965444
80351.9999999972 146709500.408989 405.106985430786
80395.1999999972 146727001.03076 404.310763022175
80438.3999999972 146744467.255723 403.514731984006
80481.5999999972 146761899.092144 402.718891872203
80524.7999999972 146779296.548273 401.923242243215
80567.9999999972 146796659.632338 401.127782654013
80611.1999999972 146813988.352549 400.332512662088
80654.3999999972 146831282.717096 399.53743182545
80697.5999999972 146848542.73415 398.742539702627
80740.7999999972 146865768.411866 397.947835852662
80783.9999999972 146882959.758374 397.153319835115
80827.1999999972 146900116.781791 396.358991210056
80870.3999999972 146917239.490212 395.564849538068
80913.5999999972 146934327.891712 394.770894380244
80956.7999999972 146951381.994349 393.977125298186
80999.9999999971 146968401.806162 393.183541854003
81043.1999999971 146985387.33517 392.390143610308
81086.3999999971 147002338.589374 391.596930130219
81129.5999999971 147019255.576755 390.803900977358
81172.7999999971 147036138.305278 390.011055715845
81215.9999999971 147052986.782885 389.218393910304
81259.1999999971 147069801.017502 388.425915125852
81302.3999999971 147086581.017035 387.633618928107
81345.5999999971 147103326.789373 386.84150488318
81388.7999999971 147120038.342384 386.049572557676
81431.9999999971 147136715.683918 385.257821518693
81475.1999999971 147153358.821808 384.46625133382
81518.3999999971 147169967.763865 383.674861571134
81561.5999999971 147186542.517885 382.883651799201
81604.7999999971 147203083.091643 382.092621587075
81647.9999999971 147219589.492896 381.301770504291
81691.1999999971 147236061.729381 380.511098120872
81734.3999999971 147252499.80882 379.72060400732
81777.5999999971 147268903.738913 378.93028773462
81820.7999999971 147285273.527343 378.140148874236
81863.9999999971 147301609.181775 377.350186998108
81907.1999999971 147317910.709853 376.560401678655
81950.3999999971 147334178.119206 375.770792488769
81993.5999999971 147350411.417441 374.981359001817
82036.7999999971 147366610.61215 374.192100791639
82079.9999999971 147382775.710904 373.403017432544
82123.1999999971 147398906.721257 372.614108499311
82166.3999999971 147415003.650744 371.825373567187
82209.5999999971 147431066.506883 371.036812211887
82252.7999999971 147447095.29717 370.24842400959
82295.9999999971 147463090.029087 369.460208536939
82339.1999999971 147479050.710096 368.672165371039
82382.3999999971 147494977.34764 367.884294089458
82425.5999999971 147510869.949145 367.096594270221
82468.799999997 147526728.522017 366.309065491814
82511.999999997 147542553.073646 365.521707333178
82555.199999997 147558343.611403 364.734519373711
82598.399999997 147574100.14264 363.947501193263
82641.599999997 147589822.674692 363.16065237214
82684.799999997 147605511.214874 362.373972491097
82727.999999997 147621165.770486 361.587461131341
82771.199999997 147636786.348807 360.801117874526
82814.399999997 147652372.957099 360.014942302754
82857.599999997 147667925.602606 359.228933998574
82900.799999997 147683444.292555 358.443092544979
82943.999999997 147698929.034153 357.657417525405
82987.199999997 147714379.83459 356.87190852373
83030.399999997 147729796.701038 356.086565124274
83073.599999997 147745179.640652 355.301386911796
83116.799999997 147760528.660566 354.516373471491
83159.999999997 147775843.7679 353.731524388993
83203.199999997 147791124.969754 352.946839250371
83246.399999997 147806372.27321 352.162317642127
83289.599999997 147821585.685332 351.377959151196
83332.799999997 147836765.213167 350.593763364946
83375.999999997 147851910.863744 349.809729871173
83419.199999997 147867022.644075 349.025858258103
83462.399999997 147882100.561152 348.242148114389
83505.599999997 147897144.62195 347.458599029111
83548.799999997 147912154.833428 346.675210591772
83591.999999997 147927131.202526 345.8919823923
83635.199999997 147942073.736165 345.108914021045
83678.399999997 147956982.441251 344.326005068778
83721.599999997 147971857.32467 343.54325512669
83764.799999997 147986698.393291 342.760663786389
83807.999999997 148001505.653967 341.978230639902
83851.199999997 148016279.11353 341.195955279671
83894.399999997 148031018.778799 340.413837298552
83937.5999999969 148045724.65657 339.631876289814
83980.7999999969 148060396.753626 338.850071847139
84023.9999999969 148075035.076729 338.068423564621
84067.1999999969 148089639.632627 337.286931036759
84110.3999999969 148104210.428048 336.505593858465
84153.5999999969 148118747.469703 335.724411625055
84196.7999999969 148133250.764285 334.943383932251
84239.9999999969 148147720.318471 334.162510376181
84283.1999999969 148162156.138919 333.381790553374
84326.3999999969 148176558.232271 332.601224060762
84369.5999999969 148190926.60515 331.820810495678
84412.7999999969 148205261.264164 331.040549455853
84455.9999999969 148219562.2159 330.260440539417
84499.1999999969 148233829.466932 329.480483344897
84542.3999999969 148248063.023812 328.700677471215
84585.5999999969 148262262.893079 327.921022517689
84628.7999999969 148276429.081252 327.141518084027
84671.9999999969 148290561.594833 326.362163770332
84715.1999999969 148304660.440308 325.582959177097
84758.3999999969 148318725.624144 324.803903905203
84801.5999999969 148332757.152793 324.024997555921
84844.7999999969 148346755.032687 323.246239730907
84887.9999999969 148360719.270244 322.467630032206
84931.1999999969 148374649.871861 321.689168062244
84974.3999999969 148388546.843921 320.910853423832
85017.5999999969 148402410.192789 320.132685720164
85060.7999999969 148416239.924812 319.354664554814
85103.9999999969 148430036.046321 318.576789531735
85147.1999999969 148443798.563629 317.79906025526
85190.3999999969 148457527.483032 317.021476330098
85233.5999999969 148471222.810809 316.244037361335
85276.7999999969 148484884.553223 315.466742954431
85319.9999999969 148498512.716519 314.689592715222
85363.1999999969 148512107.306924 313.912586249914
85406.3999999969 148525668.33065 313.135723165084
85449.5999999968 148539195.793891 312.359003067682
85492.7999999968 148552689.702824 311.582425565025
85535.9999999968 148566150.063608 310.805990264798
85579.1999999968 148579576.882387 310.029696775052
85622.3999999968 148592970.165288 309.253544704205
85665.5999999968 148606329.918419 308.477533661038
85708.7999999968 148619656.147874 307.701663254695
85751.9999999968 148632948.859726 306.925933094684
85795.1999999968 148646208.060036 306.15034279087
85838.3999999968 148659433.754844 305.37489195348
85881.5999999968 148672625.950177 304.5995801931
85924.7999999968 148685784.652041 303.824407120672
85967.9999999968 148698909.866429 303.049372347493
86011.1999999968 148712001.599314 302.274475485217
86054.3999999968 148725059.856655 301.499716145852
86097.5999999968 148738084.644393 300.725093941756
86140.7999999968 148751075.968451 299.95060848564
86183.9999999968 148764033.834738 299.176259390567
86227.1999999968 148776958.249143 298.402046269946
86270.3999999968 148789849.217542 297.627968737535
86313.5999999968 148802706.745792 296.854026407441
86356.7999999968 148815530.839732 296.080218894113
86399.9999999968 148828321.505189 295.306545812349
